<?xml version="1.0"?>
<testsuites>
 <testsuite name="../qtest/prog1.test">
  <testcase
   id="coverage2 1"
   name="coverage2"
  />
  <testcase
   id="coverage2 2"
   name="make"
  />
 </testsuite>
 <testsuite name="coverage">
  <testcase name="missing: two 1">
   <failure message="not seen: missing: two 1"/>
  </testcase>
  <testcase name="extra: three 1">
   <failure message="not seen: extra: three 1"/>
  </testcase>
 </testsuite>
</testsuites>
