<?xml version="1.0"?>
<testsuites>
 <testsuite name="../qtest/zf.test">
  <testcase
   id="zlib-flate 1"
   name="compress"
  />
  <testcase
   id="zlib-flate 2"
   name="uncompress"
  />
  <testcase
   id="zlib-flate 3"
   name="error"
  />
 </testsuite>
</testsuites>
