<?xml version="1.0"?>
<testsuites>
 <testsuite name="../qtest/qpdf.test">
  <testcase
   id="qpdf 1"
   name="PDF doc encoding to Unicode"
  />
  <testcase
   id="qpdf 2"
   name="UTF-16 encoding"
  />
  <testcase
   id="qpdf 3"
   name="UTF-16 encoding errors"
  />
  <testcase
   id="qpdf 4"
   name="form test: minimal"
  />
  <testcase
   id="qpdf 5"
   name="form test: form-empty-from-odt"
  />
  <testcase
   id="qpdf 6"
   name="form test: form-mod1"
  />
  <testcase
   id="qpdf 7"
   name="form test: form-filled-with-atril"
  />
  <testcase
   id="qpdf 8"
   name="form test: form-bad-fields-array"
  />
  <testcase
   id="qpdf 9"
   name="form test: form-errors"
  />
  <testcase
   id="qpdf 10"
   name="fill fields"
  />
  <testcase
   id="qpdf 11"
   name="compare files"
  />
  <testcase
   id="qpdf 12"
   name="replace stream data"
  />
  <testcase
   id="qpdf 13"
   name="check output"
  />
  <testcase
   id="qpdf 14"
   name="replace stream data compressed"
  />
  <testcase
   id="qpdf 15"
   name="check output"
  />
  <testcase
   id="qpdf 16"
   name="new streams"
  />
  <testcase
   id="qpdf 17"
   name="new stream"
  />
  <testcase
   id="qpdf 18"
   name="add page contents"
  />
  <testcase
   id="qpdf 19"
   name="new stream"
  />
  <testcase
   id="qpdf 20"
   name="minimal.pdf: min version to 1.3"
  />
  <testcase
   id="qpdf 21"
   name="check version information (min 1.3)"
  />
  <testcase
   id="qpdf 22"
   name="minimal.pdf: force version to 1.3"
  />
  <testcase
   id="qpdf 23"
   name="check version information (force 1.3)"
  />
  <testcase
   id="qpdf 24"
   name="minimal.pdf: min version to 1.6"
  />
  <testcase
   id="qpdf 25"
   name="check version information (min 1.6)"
  />
  <testcase
   id="qpdf 26"
   name="minimal.pdf: force version to 1.6"
  />
  <testcase
   id="qpdf 27"
   name="check version information (force 1.6)"
  />
  <testcase
   id="qpdf 28"
   name="minimal.pdf: min version to 1.7.1"
  />
  <testcase
   id="qpdf 29"
   name="check version information (min 1.7.1)"
  />
  <testcase
   id="qpdf 30"
   name="minimal.pdf: force version to 1.7.1"
  />
  <testcase
   id="qpdf 31"
   name="check version information (force 1.7.1)"
  />
  <testcase
   id="qpdf 32"
   name="minimal.pdf: min version to 1.7.2"
  />
  <testcase
   id="qpdf 33"
   name="check version information (min 1.7.2)"
  />
  <testcase
   id="qpdf 34"
   name="minimal.pdf: force version to 1.7.2"
  />
  <testcase
   id="qpdf 35"
   name="check version information (force 1.7.2)"
  />
  <testcase
   id="qpdf 36"
   name="minimal.pdf: min version to 1.7.3"
  />
  <testcase
   id="qpdf 37"
   name="check version information (min 1.7.3)"
  />
  <testcase
   id="qpdf 38"
   name="minimal.pdf: force version to 1.7.3"
  />
  <testcase
   id="qpdf 39"
   name="check version information (force 1.7.3)"
  />
  <testcase
   id="qpdf 40"
   name="minimal.pdf: min version to 1.8"
  />
  <testcase
   id="qpdf 41"
   name="check version information (min 1.8)"
  />
  <testcase
   id="qpdf 42"
   name="minimal.pdf: force version to 1.8"
  />
  <testcase
   id="qpdf 43"
   name="check version information (force 1.8)"
  />
  <testcase
   id="qpdf 44"
   name="minimal.pdf: min version to 1.8.0"
  />
  <testcase
   id="qpdf 45"
   name="check version information (min 1.8.0)"
  />
  <testcase
   id="qpdf 46"
   name="minimal.pdf: force version to 1.8.0"
  />
  <testcase
   id="qpdf 47"
   name="check version information (force 1.8.0)"
  />
  <testcase
   id="qpdf 48"
   name="minimal.pdf: min version to 1.8.2"
  />
  <testcase
   id="qpdf 49"
   name="check version information (min 1.8.2)"
  />
  <testcase
   id="qpdf 50"
   name="minimal.pdf: force version to 1.8.2"
  />
  <testcase
   id="qpdf 51"
   name="check version information (force 1.8.2)"
  />
  <testcase
   id="qpdf 52"
   name="minimal.pdf: min version to 1.8.5"
  />
  <testcase
   id="qpdf 53"
   name="check version information (min 1.8.5)"
  />
  <testcase
   id="qpdf 54"
   name="minimal.pdf: force version to 1.8.5"
  />
  <testcase
   id="qpdf 55"
   name="check version information (force 1.8.5)"
  />
  <testcase
   id="qpdf 56"
   name="check file"
  />
  <testcase
   id="qpdf 57"
   name="minimal.pdf: force version to 1.8.5"
  />
  <testcase
   id="qpdf 58"
   name="check file"
  />
  <testcase
   id="qpdf 59"
   name="extensions-adbe.pdf: min version to 1.3"
  />
  <testcase
   id="qpdf 60"
   name="check version information (min 1.3)"
  />
  <testcase
   id="qpdf 61"
   name="extensions-adbe.pdf: force version to 1.3"
  />
  <testcase
   id="qpdf 62"
   name="check version information (force 1.3)"
  />
  <testcase
   id="qpdf 63"
   name="extensions-adbe.pdf: min version to 1.6"
  />
  <testcase
   id="qpdf 64"
   name="check version information (min 1.6)"
  />
  <testcase
   id="qpdf 65"
   name="extensions-adbe.pdf: force version to 1.6"
  />
  <testcase
   id="qpdf 66"
   name="check version information (force 1.6)"
  />
  <testcase
   id="qpdf 67"
   name="extensions-adbe.pdf: min version to 1.7.1"
  />
  <testcase
   id="qpdf 68"
   name="check version information (min 1.7.1)"
  />
  <testcase
   id="qpdf 69"
   name="extensions-adbe.pdf: force version to 1.7.1"
  />
  <testcase
   id="qpdf 70"
   name="check version information (force 1.7.1)"
  />
  <testcase
   id="qpdf 71"
   name="extensions-adbe.pdf: min version to 1.7.2"
  />
  <testcase
   id="qpdf 72"
   name="check version information (min 1.7.2)"
  />
  <testcase
   id="qpdf 73"
   name="extensions-adbe.pdf: force version to 1.7.2"
  />
  <testcase
   id="qpdf 74"
   name="check version information (force 1.7.2)"
  />
  <testcase
   id="qpdf 75"
   name="extensions-adbe.pdf: min version to 1.7.3"
  />
  <testcase
   id="qpdf 76"
   name="check version information (min 1.7.3)"
  />
  <testcase
   id="qpdf 77"
   name="extensions-adbe.pdf: force version to 1.7.3"
  />
  <testcase
   id="qpdf 78"
   name="check version information (force 1.7.3)"
  />
  <testcase
   id="qpdf 79"
   name="extensions-adbe.pdf: min version to 1.8"
  />
  <testcase
   id="qpdf 80"
   name="check version information (min 1.8)"
  />
  <testcase
   id="qpdf 81"
   name="extensions-adbe.pdf: force version to 1.8"
  />
  <testcase
   id="qpdf 82"
   name="check version information (force 1.8)"
  />
  <testcase
   id="qpdf 83"
   name="extensions-adbe.pdf: min version to 1.8.0"
  />
  <testcase
   id="qpdf 84"
   name="check version information (min 1.8.0)"
  />
  <testcase
   id="qpdf 85"
   name="extensions-adbe.pdf: force version to 1.8.0"
  />
  <testcase
   id="qpdf 86"
   name="check version information (force 1.8.0)"
  />
  <testcase
   id="qpdf 87"
   name="extensions-adbe.pdf: min version to 1.8.2"
  />
  <testcase
   id="qpdf 88"
   name="check version information (min 1.8.2)"
  />
  <testcase
   id="qpdf 89"
   name="extensions-adbe.pdf: force version to 1.8.2"
  />
  <testcase
   id="qpdf 90"
   name="check version information (force 1.8.2)"
  />
  <testcase
   id="qpdf 91"
   name="extensions-adbe.pdf: min version to 1.8.5"
  />
  <testcase
   id="qpdf 92"
   name="check version information (min 1.8.5)"
  />
  <testcase
   id="qpdf 93"
   name="extensions-adbe.pdf: force version to 1.8.5"
  />
  <testcase
   id="qpdf 94"
   name="check version information (force 1.8.5)"
  />
  <testcase
   id="qpdf 95"
   name="check file"
  />
  <testcase
   id="qpdf 96"
   name="extensions-adbe.pdf: force version to 1.8.5"
  />
  <testcase
   id="qpdf 97"
   name="check file"
  />
  <testcase
   id="qpdf 98"
   name="extensions-other.pdf: min version to 1.3"
  />
  <testcase
   id="qpdf 99"
   name="check version information (min 1.3)"
  />
  <testcase
   id="qpdf 100"
   name="extensions-other.pdf: force version to 1.3"
  />
  <testcase
   id="qpdf 101"
   name="check version information (force 1.3)"
  />
  <testcase
   id="qpdf 102"
   name="extensions-other.pdf: min version to 1.6"
  />
  <testcase
   id="qpdf 103"
   name="check version information (min 1.6)"
  />
  <testcase
   id="qpdf 104"
   name="extensions-other.pdf: force version to 1.6"
  />
  <testcase
   id="qpdf 105"
   name="check version information (force 1.6)"
  />
  <testcase
   id="qpdf 106"
   name="extensions-other.pdf: min version to 1.7.1"
  />
  <testcase
   id="qpdf 107"
   name="check version information (min 1.7.1)"
  />
  <testcase
   id="qpdf 108"
   name="extensions-other.pdf: force version to 1.7.1"
  />
  <testcase
   id="qpdf 109"
   name="check version information (force 1.7.1)"
  />
  <testcase
   id="qpdf 110"
   name="extensions-other.pdf: min version to 1.7.2"
  />
  <testcase
   id="qpdf 111"
   name="check version information (min 1.7.2)"
  />
  <testcase
   id="qpdf 112"
   name="extensions-other.pdf: force version to 1.7.2"
  />
  <testcase
   id="qpdf 113"
   name="check version information (force 1.7.2)"
  />
  <testcase
   id="qpdf 114"
   name="extensions-other.pdf: min version to 1.7.3"
  />
  <testcase
   id="qpdf 115"
   name="check version information (min 1.7.3)"
  />
  <testcase
   id="qpdf 116"
   name="extensions-other.pdf: force version to 1.7.3"
  />
  <testcase
   id="qpdf 117"
   name="check version information (force 1.7.3)"
  />
  <testcase
   id="qpdf 118"
   name="extensions-other.pdf: min version to 1.8"
  />
  <testcase
   id="qpdf 119"
   name="check version information (min 1.8)"
  />
  <testcase
   id="qpdf 120"
   name="extensions-other.pdf: force version to 1.8"
  />
  <testcase
   id="qpdf 121"
   name="check version information (force 1.8)"
  />
  <testcase
   id="qpdf 122"
   name="extensions-other.pdf: min version to 1.8.0"
  />
  <testcase
   id="qpdf 123"
   name="check version information (min 1.8.0)"
  />
  <testcase
   id="qpdf 124"
   name="extensions-other.pdf: force version to 1.8.0"
  />
  <testcase
   id="qpdf 125"
   name="check version information (force 1.8.0)"
  />
  <testcase
   id="qpdf 126"
   name="extensions-other.pdf: min version to 1.8.2"
  />
  <testcase
   id="qpdf 127"
   name="check version information (min 1.8.2)"
  />
  <testcase
   id="qpdf 128"
   name="extensions-other.pdf: force version to 1.8.2"
  />
  <testcase
   id="qpdf 129"
   name="check version information (force 1.8.2)"
  />
  <testcase
   id="qpdf 130"
   name="extensions-other.pdf: min version to 1.8.5"
  />
  <testcase
   id="qpdf 131"
   name="check version information (min 1.8.5)"
  />
  <testcase
   id="qpdf 132"
   name="extensions-other.pdf: force version to 1.8.5"
  />
  <testcase
   id="qpdf 133"
   name="check version information (force 1.8.5)"
  />
  <testcase
   id="qpdf 134"
   name="check file"
  />
  <testcase
   id="qpdf 135"
   name="extensions-other.pdf: force version to 1.8.5"
  />
  <testcase
   id="qpdf 136"
   name="check file"
  />
  <testcase
   id="qpdf 137"
   name="extensions-adbe-other.pdf: min version to 1.3"
  />
  <testcase
   id="qpdf 138"
   name="check version information (min 1.3)"
  />
  <testcase
   id="qpdf 139"
   name="extensions-adbe-other.pdf: force version to 1.3"
  />
  <testcase
   id="qpdf 140"
   name="check version information (force 1.3)"
  />
  <testcase
   id="qpdf 141"
   name="extensions-adbe-other.pdf: min version to 1.6"
  />
  <testcase
   id="qpdf 142"
   name="check version information (min 1.6)"
  />
  <testcase
   id="qpdf 143"
   name="extensions-adbe-other.pdf: force version to 1.6"
  />
  <testcase
   id="qpdf 144"
   name="check version information (force 1.6)"
  />
  <testcase
   id="qpdf 145"
   name="extensions-adbe-other.pdf: min version to 1.7.1"
  />
  <testcase
   id="qpdf 146"
   name="check version information (min 1.7.1)"
  />
  <testcase
   id="qpdf 147"
   name="extensions-adbe-other.pdf: force version to 1.7.1"
  />
  <testcase
   id="qpdf 148"
   name="check version information (force 1.7.1)"
  />
  <testcase
   id="qpdf 149"
   name="extensions-adbe-other.pdf: min version to 1.7.2"
  />
  <testcase
   id="qpdf 150"
   name="check version information (min 1.7.2)"
  />
  <testcase
   id="qpdf 151"
   name="extensions-adbe-other.pdf: force version to 1.7.2"
  />
  <testcase
   id="qpdf 152"
   name="check version information (force 1.7.2)"
  />
  <testcase
   id="qpdf 153"
   name="extensions-adbe-other.pdf: min version to 1.7.3"
  />
  <testcase
   id="qpdf 154"
   name="check version information (min 1.7.3)"
  />
  <testcase
   id="qpdf 155"
   name="extensions-adbe-other.pdf: force version to 1.7.3"
  />
  <testcase
   id="qpdf 156"
   name="check version information (force 1.7.3)"
  />
  <testcase
   id="qpdf 157"
   name="extensions-adbe-other.pdf: min version to 1.8"
  />
  <testcase
   id="qpdf 158"
   name="check version information (min 1.8)"
  />
  <testcase
   id="qpdf 159"
   name="extensions-adbe-other.pdf: force version to 1.8"
  />
  <testcase
   id="qpdf 160"
   name="check version information (force 1.8)"
  />
  <testcase
   id="qpdf 161"
   name="extensions-adbe-other.pdf: min version to 1.8.0"
  />
  <testcase
   id="qpdf 162"
   name="check version information (min 1.8.0)"
  />
  <testcase
   id="qpdf 163"
   name="extensions-adbe-other.pdf: force version to 1.8.0"
  />
  <testcase
   id="qpdf 164"
   name="check version information (force 1.8.0)"
  />
  <testcase
   id="qpdf 165"
   name="extensions-adbe-other.pdf: min version to 1.8.2"
  />
  <testcase
   id="qpdf 166"
   name="check version information (min 1.8.2)"
  />
  <testcase
   id="qpdf 167"
   name="extensions-adbe-other.pdf: force version to 1.8.2"
  />
  <testcase
   id="qpdf 168"
   name="check version information (force 1.8.2)"
  />
  <testcase
   id="qpdf 169"
   name="extensions-adbe-other.pdf: min version to 1.8.5"
  />
  <testcase
   id="qpdf 170"
   name="check version information (min 1.8.5)"
  />
  <testcase
   id="qpdf 171"
   name="extensions-adbe-other.pdf: force version to 1.8.5"
  />
  <testcase
   id="qpdf 172"
   name="check version information (force 1.8.5)"
  />
  <testcase
   id="qpdf 173"
   name="check file"
  />
  <testcase
   id="qpdf 174"
   name="extensions-adbe-other.pdf: force version to 1.8.5"
  />
  <testcase
   id="qpdf 175"
   name="check file"
  />
  <testcase
   id="qpdf 176"
   name="basic page API"
  />
  <testcase
   id="qpdf 177"
   name="check output"
  />
  <testcase
   id="qpdf 178"
   name="manual page manipulation"
  />
  <testcase
   id="qpdf 179"
   name="check output"
  />
  <testcase
   id="qpdf 180"
   name="duplicate page"
  />
  <testcase
   id="qpdf 181"
   name="delete and re-add a page"
  />
  <testcase
   id="qpdf 182"
   name="check output"
  />
  <testcase
   id="qpdf 183"
   name="duplicate page"
  />
  <testcase
   id="qpdf 184"
   name="remove page we don't have"
  />
  <testcase
   id="qpdf 185"
   name="resolve loop"
  />
  <testcase
   id="qpdf 186"
   name="object 0"
  />
  <testcase
   id="qpdf 187"
   name="object 0"
  />
  <testcase
   id="qpdf 188"
   name="xref reconstruction loop"
  />
  <testcase
   id="qpdf 189"
   name="resolve for exception text"
  />
  <testcase
   id="qpdf 190"
   name="other infinite loop"
  />
  <testcase
   id="qpdf 191"
   name="other infinite loop"
  />
  <testcase
   id="qpdf 192"
   name="other infinite loop"
  />
  <testcase
   id="qpdf 193"
   name="other infinite loop"
  />
  <testcase
   id="qpdf 194"
   name="zlib data error"
  />
  <testcase
   id="qpdf 195"
   name="/W entry size 0"
  />
  <testcase
   id="qpdf 196"
   name="/W entry size 0"
  />
  <testcase
   id="qpdf 197"
   name="self-referential ostream"
  />
  <testcase
   id="qpdf 198"
   name="very deeply nested array"
  />
  <testcase
   id="qpdf 199"
   name="previously caused memory error"
  />
  <testcase
   id="qpdf 200"
   name="free memory on bad flate"
  />
  <testcase
   id="qpdf 201"
   name="xref prev pointer loop"
  />
  <testcase
   id="qpdf 202"
   name="integer overflow"
  />
  <testcase
   id="qpdf 203"
   name="even more deeply nested dictionary"
  />
  <testcase
   id="qpdf 204"
   name="qpdf version"
  />
  <testcase
   id="qpdf 205"
   name="qpdf copyright contains version too"
  />
  <testcase
   id="qpdf 206"
   name="C API: qpdf version"
  />
  <testcase
   id="qpdf 207"
   name="linearize pass 1 file"
  />
  <testcase
   id="qpdf 208"
   name="check output"
  />
  <testcase
   id="qpdf 209"
   name="check pass1 file"
  />
  <testcase
   id="qpdf 210"
   name="tokenizer with no ignorable"
  />
  <testcase
   id="qpdf 211"
   name="tokenizer"
  />
  <testcase
   id="qpdf 212"
   name="tokenizer with max_len"
  />
  <testcase
   id="qpdf 213"
   name="ignore bad token"
  />
  <testcase
   id="qpdf 214"
   name="numbers and strings"
  />
  <testcase
   id="qpdf 215"
   name="numbers and strings"
  />
  <testcase
   id="qpdf 216"
   name="numbers and strings"
  />
  <testcase
   id="qpdf 217"
   name="get stream data"
  />
  <testcase
   id="qpdf 218"
   name="unknown decode parameters"
  />
  <testcase
   id="qpdf 219"
   name="ignore broken decode parms with no filters"
  />
  <testcase
   id="qpdf 220"
   name="stream with indirect decode parms"
  />
  <testcase
   id="qpdf 221"
   name="check file"
  />
  <testcase
   id="qpdf 222"
   name="xref with short size"
  />
  <testcase
   id="qpdf 223"
   name="recover xref with short size"
  />
  <testcase
   id="qpdf 224"
   name="show new xref stream"
  />
  <testcase
   id="qpdf 225"
   name="unreferenced indirect scalar"
  />
  <testcase
   id="qpdf 226"
   name="check output"
  />
  <testcase
   id="qpdf 227"
   name="encrypt short-id.pdf"
  />
  <testcase
   id="qpdf 228"
   name="check short-id.pdf"
  />
  <testcase
   id="qpdf 229"
   name="linearize short-id.pdf"
  />
  <testcase
   id="qpdf 230"
   name="check output"
  />
  <testcase
   id="qpdf 231"
   name="check short-id.pdf"
  />
  <testcase
   id="qpdf 232"
   name="encrypt long-id.pdf"
  />
  <testcase
   id="qpdf 233"
   name="check long-id.pdf"
  />
  <testcase
   id="qpdf 234"
   name="linearize long-id.pdf"
  />
  <testcase
   id="qpdf 235"
   name="check output"
  />
  <testcase
   id="qpdf 236"
   name="check long-id.pdf"
  />
  <testcase
   id="qpdf 237"
   name="check broken file"
  />
  <testcase
   id="qpdf 238"
   name="short /O or /U"
  />
  <testcase
   id="qpdf 239"
   name="/R 3 with 40-bit key"
  />
  <testcase
   id="qpdf 240"
   name="set min version"
  />
  <testcase
   id="qpdf 241"
   name="check version"
  />
  <testcase
   id="qpdf 242"
   name="force version"
  />
  <testcase
   id="qpdf 243"
   name="check version"
  />
  <testcase
   id="qpdf 244"
   name="C API: min/force versions"
  />
  <testcase
   id="qpdf 245"
   name="C check version 1"
  />
  <testcase
   id="qpdf 246"
   name="C check version 2"
  />
  <testcase
   id="qpdf 247"
   name="stream filter abbreviations"
  />
  <testcase
   id="qpdf 248"
   name="check output"
  />
  <testcase
   id="qpdf 249"
   name="empty object"
  />
  <testcase
   id="qpdf 250"
   name="object with zero offset"
  />
  <testcase
   id="qpdf 251"
   name="error/output redirection to null"
  />
  <testcase
   id="qpdf 252"
   name="error/output redirection to strings"
  />
  <testcase
   id="qpdf 253"
   name="odd terminators for stream keyword"
  />
  <testcase
   id="qpdf 254"
   name="check output"
  />
  <testcase
   id="qpdf 255"
   name="swap and replace"
  />
  <testcase
   id="qpdf 256"
   name="check output"
  />
  <testcase
   id="qpdf 257"
   name="check non-static ID version"
  />
  <testcase
   id="qpdf 258"
   name="C API info key functions"
  />
  <testcase
   id="qpdf 259"
   name="check output"
  />
  <testcase
   id="qpdf 260"
   name="C API info key functions"
  />
  <testcase
   id="qpdf 261"
   name="check output"
  />
  <testcase
   id="qpdf 262"
   name="shallow copy an array"
  />
  <testcase
   id="qpdf 263"
   name="check output"
  />
  <testcase
   id="qpdf 264"
   name="shallow copy a stream"
  />
  <testcase
   id="qpdf 265"
   name="warn for unknown key in Pages"
  />
  <testcase
   id="qpdf 266"
   name="reserved objects"
  />
  <testcase
   id="qpdf 267"
   name="check output"
  />
  <testcase
   id="qpdf 268"
   name="detect foreign object in write"
  />
  <testcase
   id="qpdf 269"
   name="parse objects from string"
  />
  <testcase
   id="qpdf 270"
   name="EOF terminating literal tokens"
  />
  <testcase
   id="qpdf 271"
   name="EOF reading token"
  />
  <testcase
   id="qpdf 272"
   name="extra header text"
  />
  <testcase
   id="qpdf 273"
   name="check output"
  />
  <testcase
   id="qpdf 274"
   name="check output"
  />
  <testcase
   id="qpdf 275"
   name="check output"
  />
  <testcase
   id="qpdf 276"
   name="check output"
  />
  <testcase
   id="qpdf 277"
   name="check file with leading junk"
  />
  <testcase
   id="qpdf 278"
   name="EOF inside inline image"
  />
  <testcase
   id="qpdf 279"
   name="tokenize content streams"
  />
  <testcase
   id="qpdf 280"
   name="terminate parsing"
  />
  <testcase
   id="qpdf 281"
   name="content stream errors"
  />
  <testcase
   id="qpdf 282"
   name="ensure arguments to R are direct"
  />
  <testcase
   id="qpdf 283"
   name="no trailing space in xref table"
  />
  <testcase
   id="qpdf 284"
   name="parse split content stream"
  />
  <testcase
   id="qpdf 285"
   name="split content stream errors"
  />
  <testcase
   id="qpdf 286"
   name="output to custom pipeline"
  />
  <testcase
   id="qpdf 287"
   name="check output"
  />
  <testcase
   id="qpdf 288"
   name="overridden compressed objects"
  />
  <testcase
   id="qpdf 289"
   name="generate object streams for gen &gt; 0"
  />
  <testcase
   id="qpdf 290"
   name="check file"
  />
  <testcase
   id="qpdf 291"
   name="bounds check linearization data 1"
  />
  <testcase
   id="qpdf 292"
   name="bounds check linearization data 2"
  />
  <testcase
   id="qpdf 293"
   name="sanity check array size"
  />
  <testcase
   id="qpdf 294"
   name="handle page no with contents"
  />
  <testcase
   id="qpdf 295"
   name="no type key for page nodes"
  />
  <testcase
   id="qpdf 296"
   name="detect loops in pages structure"
  />
  <testcase
   id="qpdf 297"
   name="check obj0.pdf"
  />
  <testcase
   id="qpdf 298"
   name="dump bad xref"
  />
  <testcase
   id="qpdf 299"
   name="dump corrected bad xref"
  />
  <testcase
   id="qpdf 300"
   name="combine show and --pages"
  />
  <testcase
   id="qpdf 301"
   name="show number of pages"
  />
  <testcase
   id="qpdf 302"
   name="don't overwrite self"
  />
  <testcase
   id="qpdf 303"
   name="progress report on small file"
  />
  <testcase
   id="qpdf 304"
   name="ensure object-types-os is up-to-date"
  />
  <testcase
   id="qpdf 305"
   name="check file"
  />
  <testcase
   id="qpdf 306"
   name="type checks"
  />
  <testcase
   id="qpdf 307"
   name="type checks with object streams"
  />
  <testcase
   id="qpdf 308"
   name="qdf with normalize warnings"
  />
  <testcase
   id="qpdf 309"
   name="check output"
  />
  <testcase
   id="qpdf 310"
   name="coalesce contents with qdf"
  />
  <testcase
   id="qpdf 311"
   name="check output"
  />
  <testcase
   id="qpdf 312"
   name="coalesce contents without qdf"
  />
  <testcase
   id="qpdf 313"
   name="check output"
  />
  <testcase
   id="qpdf 314"
   name="check no contents"
  />
  <testcase
   id="qpdf 315"
   name="convert no contents (--qdf)"
  />
  <testcase
   id="qpdf 316"
   name="check output"
  />
  <testcase
   id="qpdf 317"
   name="convert no contents (--coalesce-contents)"
  />
  <testcase
   id="qpdf 318"
   name="check output"
  />
  <testcase
   id="qpdf 319"
   name="convert no contents ()"
  />
  <testcase
   id="qpdf 320"
   name="check output"
  />
  <testcase
   id="qpdf 321"
   name="token filter"
  />
  <testcase
   id="qpdf 322"
   name="check output"
  />
  <testcase
   id="qpdf 323"
   name="newline before endstream: qdf"
  />
  <testcase
   id="qpdf 324"
   name="check output"
  />
  <testcase
   id="qpdf 325"
   name="fix-qdf"
  />
  <testcase
   id="qpdf 326"
   name="newline before endstream: newline"
  />
  <testcase
   id="qpdf 327"
   name="check output"
  />
  <testcase
   id="qpdf 328"
   name="newline before endstream: newline and qdf"
  />
  <testcase
   id="qpdf 329"
   name="check output"
  />
  <testcase
   id="qpdf 330"
   name="fix-qdf"
  />
  <testcase
   id="qpdf 331"
   name="newline before endstream: newline and object streams"
  />
  <testcase
   id="qpdf 332"
   name="check output"
  />
  <testcase
   id="qpdf 333"
   name="newline before endstream (C)"
  />
  <testcase
   id="qpdf 334"
   name="check output"
  />
  <testcase
   id="qpdf 335"
   name="split page group &gt; 1"
  />
  <testcase
   id="qpdf 336"
   name="checkout group 01-05"
  />
  <testcase
   id="qpdf 337"
   name="checkout group 06-10"
  />
  <testcase
   id="qpdf 338"
   name="checkout group 11-11"
  />
  <testcase
   id="qpdf 339"
   name="no split-pages to stdout"
  />
  <testcase
   id="qpdf 340"
   name="split page with shared resources"
  />
  <testcase
   id="qpdf 341"
   name="check output (01-04)"
  />
  <testcase
   id="qpdf 342"
   name="check output (05-08)"
  />
  <testcase
   id="qpdf 343"
   name="check output (09-10)"
  />
  <testcase
   id="qpdf 344"
   name="split pages %d at beginning"
  />
  <testcase
   id="qpdf 345"
   name="checkout output page 1"
  />
  <testcase
   id="qpdf 346"
   name="checkout output page 2"
  />
  <testcase
   id="qpdf 347"
   name="checkout output page 3"
  />
  <testcase
   id="qpdf 348"
   name="checkout output page 4"
  />
  <testcase
   id="qpdf 349"
   name="checkout output page 5"
  />
  <testcase
   id="qpdf 350"
   name="checkout output page 6"
  />
  <testcase
   id="qpdf 351"
   name="checkout output page 7"
  />
  <testcase
   id="qpdf 352"
   name="checkout output page 8"
  />
  <testcase
   id="qpdf 353"
   name="checkout output page 9"
  />
  <testcase
   id="qpdf 354"
   name="checkout output page 10"
  />
  <testcase
   id="qpdf 355"
   name="checkout output page 11"
  />
  <testcase
   id="qpdf 356"
   name="split pages %d at end"
  />
  <testcase
   id="qpdf 357"
   name="checkout output page 1"
  />
  <testcase
   id="qpdf 358"
   name="checkout output page 2"
  />
  <testcase
   id="qpdf 359"
   name="checkout output page 3"
  />
  <testcase
   id="qpdf 360"
   name="checkout output page 4"
  />
  <testcase
   id="qpdf 361"
   name="checkout output page 5"
  />
  <testcase
   id="qpdf 362"
   name="checkout output page 6"
  />
  <testcase
   id="qpdf 363"
   name="checkout output page 7"
  />
  <testcase
   id="qpdf 364"
   name="checkout output page 8"
  />
  <testcase
   id="qpdf 365"
   name="checkout output page 9"
  />
  <testcase
   id="qpdf 366"
   name="checkout output page 10"
  />
  <testcase
   id="qpdf 367"
   name="checkout output page 11"
  />
  <testcase
   id="qpdf 368"
   name="split pages %d in middle"
  />
  <testcase
   id="qpdf 369"
   name="checkout output page 1"
  />
  <testcase
   id="qpdf 370"
   name="checkout output page 2"
  />
  <testcase
   id="qpdf 371"
   name="checkout output page 3"
  />
  <testcase
   id="qpdf 372"
   name="checkout output page 4"
  />
  <testcase
   id="qpdf 373"
   name="checkout output page 5"
  />
  <testcase
   id="qpdf 374"
   name="checkout output page 6"
  />
  <testcase
   id="qpdf 375"
   name="checkout output page 7"
  />
  <testcase
   id="qpdf 376"
   name="checkout output page 8"
  />
  <testcase
   id="qpdf 377"
   name="checkout output page 9"
  />
  <testcase
   id="qpdf 378"
   name="checkout output page 10"
  />
  <testcase
   id="qpdf 379"
   name="checkout output page 11"
  />
  <testcase
   id="qpdf 380"
   name="split pages pdf extension"
  />
  <testcase
   id="qpdf 381"
   name="checkout output page 1"
  />
  <testcase
   id="qpdf 382"
   name="checkout output page 2"
  />
  <testcase
   id="qpdf 383"
   name="checkout output page 3"
  />
  <testcase
   id="qpdf 384"
   name="checkout output page 4"
  />
  <testcase
   id="qpdf 385"
   name="checkout output page 5"
  />
  <testcase
   id="qpdf 386"
   name="checkout output page 6"
  />
  <testcase
   id="qpdf 387"
   name="checkout output page 7"
  />
  <testcase
   id="qpdf 388"
   name="checkout output page 8"
  />
  <testcase
   id="qpdf 389"
   name="checkout output page 9"
  />
  <testcase
   id="qpdf 390"
   name="checkout output page 10"
  />
  <testcase
   id="qpdf 391"
   name="checkout output page 11"
  />
  <testcase
   id="qpdf 392"
   name="split pages fallback"
  />
  <testcase
   id="qpdf 393"
   name="checkout output page 1"
  />
  <testcase
   id="qpdf 394"
   name="checkout output page 2"
  />
  <testcase
   id="qpdf 395"
   name="checkout output page 3"
  />
  <testcase
   id="qpdf 396"
   name="checkout output page 4"
  />
  <testcase
   id="qpdf 397"
   name="disable keep files open"
  />
  <testcase
   id="qpdf 398"
   name="don't disable keep files open"
  />
  <testcase
   id="qpdf 399"
   name="explict keep files open"
  />
  <testcase
   id="qpdf 400"
   name="explicit keep files open = n"
  />
  <testcase
   id="qpdf 401"
   name="page rotation"
  />
  <testcase
   id="qpdf 402"
   name="check output"
  />
  <testcase
   id="qpdf 403"
   name="rotate all pages"
  />
  <testcase
   id="qpdf 404"
   name="check output"
  />
  <testcase
   id="qpdf 405"
   name="numeric range ,5"
  />
  <testcase
   id="qpdf 406"
   name="numeric range 4,,5"
  />
  <testcase
   id="qpdf 407"
   name="numeric range 4,5,"
  />
  <testcase
   id="qpdf 408"
   name="numeric range z1,"
  />
  <testcase
   id="qpdf 409"
   name="numeric range 1z,"
  />
  <testcase
   id="qpdf 410"
   name="numeric range 1-5?"
  />
  <testcase
   id="qpdf 411"
   name="numeric range 1-30"
  />
  <testcase
   id="qpdf 412"
   name="numeric range 1-10,0,5"
  />
  <testcase
   id="qpdf 413"
   name="numeric range 1-10,1234,5"
  />
  <testcase
   id="qpdf 414"
   name="numeric range 1,r,3"
  />
  <testcase
   id="qpdf 415"
   name="numeric range 1,r16,3"
  />
  <testcase
   id="qpdf 416"
   name="numeric range 1,3,5-10,z-13,13,9,z,2,r2-r4"
  />
  <testcase
   id="qpdf 417"
   name="numeric range r1-r15"
  />
  <testcase
   id="qpdf 418"
   name="merge three files"
  />
  <testcase
   id="qpdf 419"
   name="check output"
  />
  <testcase
   id="qpdf 420"
   name="merge three files"
  />
  <testcase
   id="qpdf 421"
   name="check output"
  />
  <testcase
   id="qpdf 422"
   name="avoid respecification of password"
  />
  <testcase
   id="qpdf 423"
   name="check output"
  />
  <testcase
   id="qpdf 424"
   name="merge with implicit ranges"
  />
  <testcase
   id="qpdf 425"
   name="check output"
  />
  <testcase
   id="qpdf 426"
   name="split with shared resources"
  />
  <testcase
   id="qpdf 427"
   name="check output"
  />
  <testcase
   id="qpdf 428"
   name="shared resources relevant errors"
  />
  <testcase
   id="qpdf 429"
   name="check output"
  />
  <testcase
   id="qpdf 430"
   name="shared resources irrelevant errors"
  />
  <testcase
   id="qpdf 431"
   name="check output"
  />
  <testcase
   id="qpdf 432"
   name="don't remove shared resources"
  />
  <testcase
   id="qpdf 433"
   name="check output"
  />
  <testcase
   id="qpdf 434"
   name="basic qpdf from scratch"
  />
  <testcase
   id="qpdf 435"
   name="check output"
  />
  <testcase
   id="qpdf 436"
   name="write as PCLm"
  />
  <testcase
   id="qpdf 437"
   name="check output"
  />
  <testcase
   id="qpdf 438"
   name="bad stream"
  />
  <testcase
   id="qpdf 439"
   name="check output"
  />
  <testcase
   id="qpdf 440"
   name="image-streams: none"
  />
  <testcase
   id="qpdf 441"
   name="check image-streams: none"
  />
  <testcase
   id="qpdf 442"
   name="image-streams: generalized"
  />
  <testcase
   id="qpdf 443"
   name="check image-streams: generalized"
  />
  <testcase
   id="qpdf 444"
   name="image-streams: specialized"
  />
  <testcase
   id="qpdf 445"
   name="check image-streams: specialized"
  />
  <testcase
   id="qpdf 446"
   name="image-streams: all"
  />
  <testcase
   id="qpdf 447"
   name="check image-streams: all"
  />
  <testcase
   id="qpdf 448"
   name="image-streams: C"
  />
  <testcase
   id="qpdf 449"
   name="check image-streams: C"
  />
  <testcase
   id="qpdf 450"
   name="check finds bad jpeg data"
  />
  <testcase
   id="qpdf 451"
   name="precheck detects bad jpeg data"
  />
  <testcase
   id="qpdf 452"
   name="check file"
  />
  <testcase
   id="qpdf 453"
   name="get data"
  />
  <testcase
   id="qpdf 454"
   name="drop unused objects"
  />
  <testcase
   id="qpdf 455"
   name="check output"
  />
  <testcase
   id="qpdf 456"
   name="keep unused objects"
  />
  <testcase
   id="qpdf 457"
   name="check output"
  />
  <testcase
   id="qpdf 458"
   name="keep unused objects (C)"
  />
  <testcase
   id="qpdf 459"
   name="check output"
  />
  <testcase
   id="qpdf 460"
   name="copy objects 1"
  />
  <testcase
   id="qpdf 461"
   name="check output"
  />
  <testcase
   id="qpdf 462"
   name="copy objects 2"
  />
  <testcase
   id="qpdf 463"
   name="check output"
  />
  <testcase
   id="qpdf 464"
   name="copy objects 3"
  />
  <testcase
   id="qpdf 465"
   name="check output"
  />
  <testcase
   id="qpdf 466"
   name="copy objects error"
  />
  <testcase
   id="qpdf 467"
   name="not a PDF file"
  />
  <testcase
   id="qpdf 468"
   name="no startxref"
  />
  <testcase
   id="qpdf 469"
   name="bad primary xref offset"
  />
  <testcase
   id="qpdf 470"
   name="invalid xref syntax"
  />
  <testcase
   id="qpdf 471"
   name="invalid xref entry"
  />
  <testcase
   id="qpdf 472"
   name="free table inconsistency"
  />
  <testcase
   id="qpdf 473"
   name="no trailer dictionary"
  />
  <testcase
   id="qpdf 474"
   name="bad secondary xref"
  />
  <testcase
   id="qpdf 475"
   name="no /Size in trailer"
  />
  <testcase
   id="qpdf 476"
   name="/Size not integer"
  />
  <testcase
   id="qpdf 477"
   name="/Prev not integer"
  />
  <testcase
   id="qpdf 478"
   name="/Size inconsistency"
  />
  <testcase
   id="qpdf 479"
   name="bad {"
  />
  <testcase
   id="qpdf 480"
   name="bad }"
  />
  <testcase
   id="qpdf 481"
   name="bad ]"
  />
  <testcase
   id="qpdf 482"
   name="bad &gt;&gt;"
  />
  <testcase
   id="qpdf 483"
   name="odd number of dictionary items"
  />
  <testcase
   id="qpdf 484"
   name="bad )"
  />
  <testcase
   id="qpdf 485"
   name="bad &gt;"
  />
  <testcase
   id="qpdf 486"
   name="invalid hexstring character"
  />
  <testcase
   id="qpdf 487"
   name="invalid name token"
  />
  <testcase
   id="qpdf 488"
   name="no /Length for stream dictionary"
  />
  <testcase
   id="qpdf 489"
   name="/Length not integer"
  />
  <testcase
   id="qpdf 490"
   name="expected endstream"
  />
  <testcase
   id="qpdf 491"
   name="bad obj declaration (objid)"
  />
  <testcase
   id="qpdf 492"
   name="bad obj declaration (generation)"
  />
  <testcase
   id="qpdf 493"
   name="bad obj declaration (obj)"
  />
  <testcase
   id="qpdf 494"
   name="expected endobj"
  />
  <testcase
   id="qpdf 495"
   name="null in name"
  />
  <testcase
   id="qpdf 496"
   name="invalid stream /Filter"
  />
  <testcase
   id="qpdf 497"
   name="unknown stream /Filter"
  />
  <testcase
   id="qpdf 498"
   name="obj/gen mismatch"
  />
  <testcase
   id="qpdf 499"
   name="invalid stream /Filter and xref"
  />
  <testcase
   id="qpdf 500"
   name="obj/gen in wrong place"
  />
  <testcase
   id="qpdf 501"
   name="object stream of wrong type"
  />
  <testcase
   id="qpdf 502"
   name="bad dictionary key"
  />
  <testcase
   id="qpdf 503"
   name="Suppress warnings"
  />
  <testcase
   id="qpdf 504"
   name="Suppress warnings with --check"
  />
  <testcase
   id="qpdf 505"
   name="C API: errors"
  />
  <testcase
   id="qpdf 506"
   name="C API: warnings writing"
  />
  <testcase
   id="qpdf 507"
   name="C API: no recovery"
  />
  <testcase
   id="qpdf 508"
   name="recover not a PDF file"
  />
  <testcase
   id="qpdf 509"
   name="recover no startxref"
  />
  <testcase
   id="qpdf 510"
   name="recover bad primary xref offset"
  />
  <testcase
   id="qpdf 511"
   name="recover invalid xref syntax"
  />
  <testcase
   id="qpdf 512"
   name="recover invalid xref entry"
  />
  <testcase
   id="qpdf 513"
   name="recover free table inconsistency"
  />
  <testcase
   id="qpdf 514"
   name="recover no trailer dictionary"
  />
  <testcase
   id="qpdf 515"
   name="recover bad secondary xref"
  />
  <testcase
   id="qpdf 516"
   name="recover no /Size in trailer"
  />
  <testcase
   id="qpdf 517"
   name="recover /Size not integer"
  />
  <testcase
   id="qpdf 518"
   name="recover /Prev not integer"
  />
  <testcase
   id="qpdf 519"
   name="recover /Size inconsistency"
  />
  <testcase
   id="qpdf 520"
   name="recover bad {"
  />
  <testcase
   id="qpdf 521"
   name="recover bad }"
  />
  <testcase
   id="qpdf 522"
   name="recover bad ]"
  />
  <testcase
   id="qpdf 523"
   name="recover bad &gt;&gt;"
  />
  <testcase
   id="qpdf 524"
   name="recover odd number of dictionary items"
  />
  <testcase
   id="qpdf 525"
   name="recover bad )"
  />
  <testcase
   id="qpdf 526"
   name="recover bad &gt;"
  />
  <testcase
   id="qpdf 527"
   name="recover invalid hexstring character"
  />
  <testcase
   id="qpdf 528"
   name="recover invalid name token"
  />
  <testcase
   id="qpdf 529"
   name="recover no /Length for stream dictionary"
  />
  <testcase
   id="qpdf 530"
   name="recover /Length not integer"
  />
  <testcase
   id="qpdf 531"
   name="recover expected endstream"
  />
  <testcase
   id="qpdf 532"
   name="recover bad obj declaration (objid)"
  />
  <testcase
   id="qpdf 533"
   name="recover bad obj declaration (generation)"
  />
  <testcase
   id="qpdf 534"
   name="recover bad obj declaration (obj)"
  />
  <testcase
   id="qpdf 535"
   name="recover expected endobj"
  />
  <testcase
   id="qpdf 536"
   name="recover null in name"
  />
  <testcase
   id="qpdf 537"
   name="recover invalid stream /Filter"
  />
  <testcase
   id="qpdf 538"
   name="recover unknown stream /Filter"
  />
  <testcase
   id="qpdf 539"
   name="recover obj/gen mismatch"
  />
  <testcase
   id="qpdf 540"
   name="recover invalid stream /Filter and xref"
  />
  <testcase
   id="qpdf 541"
   name="recover obj/gen in wrong place"
  />
  <testcase
   id="qpdf 542"
   name="recover object stream of wrong type"
  />
  <testcase
   id="qpdf 543"
   name="recover bad dictionary key"
  />
  <testcase
   id="qpdf 544"
   name="good replaced page contents"
  />
  <testcase
   id="qpdf 545"
   name="check output"
  />
  <testcase
   id="qpdf 546"
   name="damaged replaced page contents"
  />
  <testcase
   id="qpdf 547"
   name="check output"
  />
  <testcase
   id="qpdf 548"
   name="run check on damaged file"
  />
  <testcase
   id="qpdf 549"
   name="check with C API"
  />
  <testcase
   id="qpdf 550"
   name="recoverable xref errors"
  />
  <testcase
   id="qpdf 551"
   name="xref loop with append"
  />
  <testcase
   id="qpdf 552"
   name="check output"
  />
  <testcase
   id="qpdf 553"
   name="implicit null"
  />
  <testcase
   id="qpdf 554"
   name="create qdf"
  />
  <testcase
   id="qpdf 555"
   name="check output"
  />
  <testcase
   id="qpdf 556"
   name="direct null"
  />
  <testcase
   id="qpdf 557"
   name="create qdf"
  />
  <testcase
   id="qpdf 558"
   name="check output"
  />
  <testcase
   id="qpdf 559"
   name="unresolved null"
  />
  <testcase
   id="qpdf 560"
   name="create qdf"
  />
  <testcase
   id="qpdf 561"
   name="check output"
  />
  <testcase
   id="qpdf 562"
   name="indirect null"
  />
  <testcase
   id="qpdf 563"
   name="create qdf"
  />
  <testcase
   id="qpdf 564"
   name="check output"
  />
  <testcase
   id="qpdf 565"
   name="indirect bool, real"
  />
  <testcase
   id="qpdf 566"
   name="create qdf"
  />
  <testcase
   id="qpdf 567"
   name="check output"
  />
  <testcase
   id="qpdf 568"
   name="direct bool"
  />
  <testcase
   id="qpdf 569"
   name="create qdf"
  />
  <testcase
   id="qpdf 570"
   name="check output"
  />
  <testcase
   id="qpdf 571"
   name="integer"
  />
  <testcase
   id="qpdf 572"
   name="create qdf"
  />
  <testcase
   id="qpdf 573"
   name="check output"
  />
  <testcase
   id="qpdf 574"
   name="real, ASCIIHexDecode"
  />
  <testcase
   id="qpdf 575"
   name="create qdf"
  />
  <testcase
   id="qpdf 576"
   name="check output"
  />
  <testcase
   id="qpdf 577"
   name="string"
  />
  <testcase
   id="qpdf 578"
   name="create qdf"
  />
  <testcase
   id="qpdf 579"
   name="check output"
  />
  <testcase
   id="qpdf 580"
   name="array"
  />
  <testcase
   id="qpdf 581"
   name="create qdf"
  />
  <testcase
   id="qpdf 582"
   name="check output"
  />
  <testcase
   id="qpdf 583"
   name="dictionary"
  />
  <testcase
   id="qpdf 584"
   name="create qdf"
  />
  <testcase
   id="qpdf 585"
   name="check output"
  />
  <testcase
   id="qpdf 586"
   name="stream"
  />
  <testcase
   id="qpdf 587"
   name="create qdf"
  />
  <testcase
   id="qpdf 588"
   name="check output"
  />
  <testcase
   id="qpdf 589"
   name="nesting, strings, names"
  />
  <testcase
   id="qpdf 590"
   name="create qdf"
  />
  <testcase
   id="qpdf 591"
   name="check output"
  />
  <testcase
   id="qpdf 592"
   name="tokenizing pipeline"
  />
  <testcase
   id="qpdf 593"
   name="create qdf"
  />
  <testcase
   id="qpdf 594"
   name="check output"
  />
  <testcase
   id="qpdf 595"
   name="name"
  />
  <testcase
   id="qpdf 596"
   name="create qdf"
  />
  <testcase
   id="qpdf 597"
   name="check output"
  />
  <testcase
   id="qpdf 598"
   name="object-stream"
  />
  <testcase
   id="qpdf 599"
   name="create qdf"
  />
  <testcase
   id="qpdf 600"
   name="check output"
  />
  <testcase
   id="qpdf 601"
   name="hybrid xref"
  />
  <testcase
   id="qpdf 602"
   name="create qdf"
  />
  <testcase
   id="qpdf 603"
   name="check output"
  />
  <testcase
   id="qpdf 604"
   name="hybrid xref old mode"
  />
  <testcase
   id="qpdf 605"
   name="create qdf"
  />
  <testcase
   id="qpdf 606"
   name="check output"
  />
  <testcase
   id="qpdf 607"
   name="xref with prev"
  />
  <testcase
   id="qpdf 608"
   name="create qdf"
  />
  <testcase
   id="qpdf 609"
   name="check output"
  />
  <testcase
   id="qpdf 610"
   name="lots of compressible objects"
  />
  <testcase
   id="qpdf 611"
   name="create qdf"
  />
  <testcase
   id="qpdf 612"
   name="check output"
  />
  <testcase
   id="qpdf 613"
   name="pound in name"
  />
  <testcase
   id="qpdf 614"
   name="create qdf"
  />
  <testcase
   id="qpdf 615"
   name="check output"
  />
  <testcase
   id="qpdf 616"
   name="no normalization"
  />
  <testcase
   id="qpdf 617"
   name="check output"
  />
  <testcase
   id="qpdf 618"
   name="no qdf"
  />
  <testcase
   id="qpdf 619"
   name="check output"
  />
  <testcase
   id="qpdf 620"
   name="no recompression"
  />
  <testcase
   id="qpdf 621"
   name="check output"
  />
  <testcase
   id="qpdf 622"
   name="no options"
  />
  <testcase
   id="qpdf 623"
   name="check no options"
  />
  <testcase
   id="qpdf 624"
   name="normalized content"
  />
  <testcase
   id="qpdf 625"
   name="check normalized content"
  />
  <testcase
   id="qpdf 626"
   name="ignore xref streams"
  />
  <testcase
   id="qpdf 627"
   name="check ignore xref streams"
  />
  <testcase
   id="qpdf 628"
   name="linearized"
  />
  <testcase
   id="qpdf 629"
   name="check linearized"
  />
  <testcase
   id="qpdf 630"
   name="object streams"
  />
  <testcase
   id="qpdf 631"
   name="check object streams"
  />
  <testcase
   id="qpdf 632"
   name="qdf"
  />
  <testcase
   id="qpdf 633"
   name="check qdf"
  />
  <testcase
   id="qpdf 634"
   name="no original object ids"
  />
  <testcase
   id="qpdf 635"
   name="check no original object ids"
  />
  <testcase
   id="qpdf 636"
   name="uncompressed streams"
  />
  <testcase
   id="qpdf 637"
   name="check uncompressed streams"
  />
  <testcase
   id="qpdf 638"
   name="write to bad file name"
  />
  <testcase
   id="qpdf 639"
   name="write damaged to bad file name"
  />
  <testcase
   id="qpdf 640"
   name="write damaged"
  />
  <testcase
   id="qpdf 641"
   name="deterministic ID: linearize/ostream=nn"
  />
  <testcase
   id="qpdf 642"
   name="compare files"
  />
  <testcase
   id="qpdf 643"
   name="deterministic ID: linearize/ostream=ny"
  />
  <testcase
   id="qpdf 644"
   name="compare files"
  />
  <testcase
   id="qpdf 645"
   name="deterministic ID: linearize/ostream=yn"
  />
  <testcase
   id="qpdf 646"
   name="compare files"
  />
  <testcase
   id="qpdf 647"
   name="deterministic ID: linearize/ostream=yy"
  />
  <testcase
   id="qpdf 648"
   name="compare files"
  />
  <testcase
   id="qpdf 649"
   name="deterministic ID with encryption"
  />
  <testcase
   id="qpdf 650"
   name="deterministic ID (C API)"
  />
  <testcase
   id="qpdf 651"
   name="compare files"
  />
  <testcase
   id="qpdf 652"
   name="object stream mode"
  />
  <testcase
   id="qpdf 653"
   name="fix-qdf identity check"
  />
  <testcase
   id="qpdf 654"
   name="compare files"
  />
  <testcase
   id="qpdf 655"
   name="convert to qdf"
  />
  <testcase
   id="qpdf 656"
   name="convert output to qdf"
  />
  <testcase
   id="qpdf 657"
   name="compare files"
  />
  <testcase
   id="qpdf 658"
   name="object stream mode"
  />
  <testcase
   id="qpdf 659"
   name="convert to qdf"
  />
  <testcase
   id="qpdf 660"
   name="convert output to qdf"
  />
  <testcase
   id="qpdf 661"
   name="compare files"
  />
  <testcase
   id="qpdf 662"
   name="object stream mode"
  />
  <testcase
   id="qpdf 663"
   name="convert to qdf"
  />
  <testcase
   id="qpdf 664"
   name="convert output to qdf"
  />
  <testcase
   id="qpdf 665"
   name="compare files"
  />
  <testcase
   id="qpdf 666"
   name="object stream mode"
  />
  <testcase
   id="qpdf 667"
   name="fix-qdf identity check"
  />
  <testcase
   id="qpdf 668"
   name="compare files"
  />
  <testcase
   id="qpdf 669"
   name="convert to qdf"
  />
  <testcase
   id="qpdf 670"
   name="convert output to qdf"
  />
  <testcase
   id="qpdf 671"
   name="compare files"
  />
  <testcase
   id="qpdf 672"
   name="object stream mode"
  />
  <testcase
   id="qpdf 673"
   name="convert to qdf"
  />
  <testcase
   id="qpdf 674"
   name="convert output to qdf"
  />
  <testcase
   id="qpdf 675"
   name="compare files"
  />
  <testcase
   id="qpdf 676"
   name="object stream mode"
  />
  <testcase
   id="qpdf 677"
   name="convert to qdf"
  />
  <testcase
   id="qpdf 678"
   name="convert output to qdf"
  />
  <testcase
   id="qpdf 679"
   name="compare files"
  />
  <testcase
   id="qpdf 680"
   name="object stream mode"
  />
  <testcase
   id="qpdf 681"
   name="fix-qdf identity check"
  />
  <testcase
   id="qpdf 682"
   name="compare files"
  />
  <testcase
   id="qpdf 683"
   name="convert to qdf"
  />
  <testcase
   id="qpdf 684"
   name="convert output to qdf"
  />
  <testcase
   id="qpdf 685"
   name="compare files"
  />
  <testcase
   id="qpdf 686"
   name="object stream mode"
  />
  <testcase
   id="qpdf 687"
   name="convert to qdf"
  />
  <testcase
   id="qpdf 688"
   name="convert output to qdf"
  />
  <testcase
   id="qpdf 689"
   name="compare files"
  />
  <testcase
   id="qpdf 690"
   name="object stream mode"
  />
  <testcase
   id="qpdf 691"
   name="convert to qdf"
  />
  <testcase
   id="qpdf 692"
   name="convert output to qdf"
  />
  <testcase
   id="qpdf 693"
   name="compare files"
  />
  <testcase
   id="qpdf 694"
   name="object stream mode"
  />
  <testcase
   id="qpdf 695"
   name="fix-qdf identity check"
  />
  <testcase
   id="qpdf 696"
   name="compare files"
  />
  <testcase
   id="qpdf 697"
   name="convert to qdf"
  />
  <testcase
   id="qpdf 698"
   name="convert output to qdf"
  />
  <testcase
   id="qpdf 699"
   name="compare files"
  />
  <testcase
   id="qpdf 700"
   name="object stream mode"
  />
  <testcase
   id="qpdf 701"
   name="convert to qdf"
  />
  <testcase
   id="qpdf 702"
   name="convert output to qdf"
  />
  <testcase
   id="qpdf 703"
   name="compare files"
  />
  <testcase
   id="qpdf 704"
   name="object stream mode"
  />
  <testcase
   id="qpdf 705"
   name="convert to qdf"
  />
  <testcase
   id="qpdf 706"
   name="convert output to qdf"
  />
  <testcase
   id="qpdf 707"
   name="compare files"
  />
  <testcase
   id="qpdf 708"
   name="object stream mode"
  />
  <testcase
   id="qpdf 709"
   name="fix-qdf identity check"
  />
  <testcase
   id="qpdf 710"
   name="compare files"
  />
  <testcase
   id="qpdf 711"
   name="convert to qdf"
  />
  <testcase
   id="qpdf 712"
   name="convert output to qdf"
  />
  <testcase
   id="qpdf 713"
   name="compare files"
  />
  <testcase
   id="qpdf 714"
   name="object stream mode"
  />
  <testcase
   id="qpdf 715"
   name="convert to qdf"
  />
  <testcase
   id="qpdf 716"
   name="convert output to qdf"
  />
  <testcase
   id="qpdf 717"
   name="compare files"
  />
  <testcase
   id="qpdf 718"
   name="object stream mode"
  />
  <testcase
   id="qpdf 719"
   name="convert to qdf"
  />
  <testcase
   id="qpdf 720"
   name="convert output to qdf"
  />
  <testcase
   id="qpdf 721"
   name="compare files"
  />
  <testcase
   id="qpdf 722"
   name="object stream mode"
  />
  <testcase
   id="qpdf 723"
   name="fix-qdf identity check"
  />
  <testcase
   id="qpdf 724"
   name="compare files"
  />
  <testcase
   id="qpdf 725"
   name="convert to qdf"
  />
  <testcase
   id="qpdf 726"
   name="convert output to qdf"
  />
  <testcase
   id="qpdf 727"
   name="compare files"
  />
  <testcase
   id="qpdf 728"
   name="object stream mode"
  />
  <testcase
   id="qpdf 729"
   name="convert to qdf"
  />
  <testcase
   id="qpdf 730"
   name="convert output to qdf"
  />
  <testcase
   id="qpdf 731"
   name="compare files"
  />
  <testcase
   id="qpdf 732"
   name="object stream mode"
  />
  <testcase
   id="qpdf 733"
   name="convert to qdf"
  />
  <testcase
   id="qpdf 734"
   name="convert output to qdf"
  />
  <testcase
   id="qpdf 735"
   name="compare files"
  />
  <testcase
   id="qpdf 736"
   name="object stream mode"
  />
  <testcase
   id="qpdf 737"
   name="fix-qdf identity check"
  />
  <testcase
   id="qpdf 738"
   name="compare files"
  />
  <testcase
   id="qpdf 739"
   name="convert to qdf"
  />
  <testcase
   id="qpdf 740"
   name="convert output to qdf"
  />
  <testcase
   id="qpdf 741"
   name="compare files"
  />
  <testcase
   id="qpdf 742"
   name="object stream mode"
  />
  <testcase
   id="qpdf 743"
   name="convert to qdf"
  />
  <testcase
   id="qpdf 744"
   name="convert output to qdf"
  />
  <testcase
   id="qpdf 745"
   name="compare files"
  />
  <testcase
   id="qpdf 746"
   name="object stream mode"
  />
  <testcase
   id="qpdf 747"
   name="convert to qdf"
  />
  <testcase
   id="qpdf 748"
   name="convert output to qdf"
  />
  <testcase
   id="qpdf 749"
   name="compare files"
  />
  <testcase
   id="qpdf 750"
   name="object stream mode"
  />
  <testcase
   id="qpdf 751"
   name="fix-qdf identity check"
  />
  <testcase
   id="qpdf 752"
   name="compare files"
  />
  <testcase
   id="qpdf 753"
   name="convert to qdf"
  />
  <testcase
   id="qpdf 754"
   name="convert output to qdf"
  />
  <testcase
   id="qpdf 755"
   name="compare files"
  />
  <testcase
   id="qpdf 756"
   name="object stream mode"
  />
  <testcase
   id="qpdf 757"
   name="convert to qdf"
  />
  <testcase
   id="qpdf 758"
   name="convert output to qdf"
  />
  <testcase
   id="qpdf 759"
   name="compare files"
  />
  <testcase
   id="qpdf 760"
   name="object stream mode"
  />
  <testcase
   id="qpdf 761"
   name="convert to qdf"
  />
  <testcase
   id="qpdf 762"
   name="convert output to qdf"
  />
  <testcase
   id="qpdf 763"
   name="compare files"
  />
  <testcase
   id="qpdf 764"
   name="object stream mode"
  />
  <testcase
   id="qpdf 765"
   name="fix-qdf identity check"
  />
  <testcase
   id="qpdf 766"
   name="compare files"
  />
  <testcase
   id="qpdf 767"
   name="convert to qdf"
  />
  <testcase
   id="qpdf 768"
   name="convert output to qdf"
  />
  <testcase
   id="qpdf 769"
   name="compare files"
  />
  <testcase
   id="qpdf 770"
   name="object stream mode"
  />
  <testcase
   id="qpdf 771"
   name="convert to qdf"
  />
  <testcase
   id="qpdf 772"
   name="convert output to qdf"
  />
  <testcase
   id="qpdf 773"
   name="compare files"
  />
  <testcase
   id="qpdf 774"
   name="object stream mode"
  />
  <testcase
   id="qpdf 775"
   name="convert to qdf"
  />
  <testcase
   id="qpdf 776"
   name="convert output to qdf"
  />
  <testcase
   id="qpdf 777"
   name="compare files"
  />
  <testcase
   id="qpdf 778"
   name="object stream mode"
  />
  <testcase
   id="qpdf 779"
   name="fix-qdf identity check"
  />
  <testcase
   id="qpdf 780"
   name="compare files"
  />
  <testcase
   id="qpdf 781"
   name="convert to qdf"
  />
  <testcase
   id="qpdf 782"
   name="convert output to qdf"
  />
  <testcase
   id="qpdf 783"
   name="compare files"
  />
  <testcase
   id="qpdf 784"
   name="object stream mode"
  />
  <testcase
   id="qpdf 785"
   name="convert to qdf"
  />
  <testcase
   id="qpdf 786"
   name="convert output to qdf"
  />
  <testcase
   id="qpdf 787"
   name="compare files"
  />
  <testcase
   id="qpdf 788"
   name="object stream mode"
  />
  <testcase
   id="qpdf 789"
   name="convert to qdf"
  />
  <testcase
   id="qpdf 790"
   name="convert output to qdf"
  />
  <testcase
   id="qpdf 791"
   name="compare files"
  />
  <testcase
   id="qpdf 792"
   name="object stream mode"
  />
  <testcase
   id="qpdf 793"
   name="fix-qdf identity check"
  />
  <testcase
   id="qpdf 794"
   name="compare files"
  />
  <testcase
   id="qpdf 795"
   name="convert to qdf"
  />
  <testcase
   id="qpdf 796"
   name="convert output to qdf"
  />
  <testcase
   id="qpdf 797"
   name="compare files"
  />
  <testcase
   id="qpdf 798"
   name="object stream mode"
  />
  <testcase
   id="qpdf 799"
   name="convert to qdf"
  />
  <testcase
   id="qpdf 800"
   name="convert output to qdf"
  />
  <testcase
   id="qpdf 801"
   name="compare files"
  />
  <testcase
   id="qpdf 802"
   name="object stream mode"
  />
  <testcase
   id="qpdf 803"
   name="convert to qdf"
  />
  <testcase
   id="qpdf 804"
   name="convert output to qdf"
  />
  <testcase
   id="qpdf 805"
   name="compare files"
  />
  <testcase
   id="qpdf 806"
   name="object stream mode"
  />
  <testcase
   id="qpdf 807"
   name="fix-qdf identity check"
  />
  <testcase
   id="qpdf 808"
   name="compare files"
  />
  <testcase
   id="qpdf 809"
   name="convert to qdf"
  />
  <testcase
   id="qpdf 810"
   name="convert output to qdf"
  />
  <testcase
   id="qpdf 811"
   name="compare files"
  />
  <testcase
   id="qpdf 812"
   name="object stream mode"
  />
  <testcase
   id="qpdf 813"
   name="convert to qdf"
  />
  <testcase
   id="qpdf 814"
   name="convert output to qdf"
  />
  <testcase
   id="qpdf 815"
   name="compare files"
  />
  <testcase
   id="qpdf 816"
   name="object stream mode"
  />
  <testcase
   id="qpdf 817"
   name="convert to qdf"
  />
  <testcase
   id="qpdf 818"
   name="convert output to qdf"
  />
  <testcase
   id="qpdf 819"
   name="compare files"
  />
  <testcase
   id="qpdf 820"
   name="damaged stream"
  />
  <testcase
   id="qpdf 821"
   name="damaged stream (C)"
  />
  <testcase
   id="qpdf 822"
   name="no normalization"
  />
  <testcase
   id="qpdf 823"
   name="object ordering"
  />
  <testcase
   id="qpdf 824"
   name="loop detected"
  />
  <testcase
   id="qpdf 825"
   name="stream detected"
  />
  <testcase
   id="qpdf 826"
   name="show xref"
  />
  <testcase
   id="qpdf 827"
   name="show pages"
  />
  <testcase
   id="qpdf 828"
   name="show-pages-images"
  />
  <testcase
   id="qpdf 829"
   name="show-page-1"
  />
  <testcase
   id="qpdf 830"
   name="show-page-1-content-raw"
  />
  <testcase
   id="qpdf 831"
   name="show-page-1-content-filtered"
  />
  <testcase
   id="qpdf 832"
   name="show-page-1-content-normalized"
  />
  <testcase
   id="qpdf 833"
   name="show-page-1-image"
  />
  <testcase
   id="qpdf 834"
   name="unfilterable stream data"
  />
  <testcase
   id="qpdf 835"
   name="show-xref-by-id"
  />
  <testcase
   id="qpdf 836"
   name="show-xref-by-id-filtered"
  />
  <testcase
   id="qpdf 837"
   name="check metadata: compressed-metadata.pdf"
  />
  <testcase
   id="qpdf 838"
   name="check metadata: enc-base.pdf"
  />
  <testcase
   id="qpdf 839"
   name="compress streams (compressed-metadata.pdf)"
  />
  <testcase
   id="qpdf 840"
   name="check metadata: a.pdf"
  />
  <testcase
   id="qpdf 841"
   name="encrypt normally"
  />
  <testcase
   id="qpdf 842"
   name="check metadata: b.pdf"
  />
  <testcase
   id="qpdf 843"
   name="encrypt V4"
  />
  <testcase
   id="qpdf 844"
   name="check metadata: b.pdf"
  />
  <testcase
   id="qpdf 845"
   name="encrypt with cleartext metadata"
  />
  <testcase
   id="qpdf 846"
   name="check metadata: b.pdf"
  />
  <testcase
   id="qpdf 847"
   name="preserve encryption"
  />
  <testcase
   id="qpdf 848"
   name="check metadata: c.pdf"
  />
  <testcase
   id="qpdf 849"
   name="encrypt with aes and cleartext metadata"
  />
  <testcase
   id="qpdf 850"
   name="check metadata: b.pdf"
  />
  <testcase
   id="qpdf 851"
   name="preserve encryption"
  />
  <testcase
   id="qpdf 852"
   name="check metadata: c.pdf"
  />
  <testcase
   id="qpdf 853"
   name="preserve streams (compressed-metadata.pdf)"
  />
  <testcase
   id="qpdf 854"
   name="check metadata: a.pdf"
  />
  <testcase
   id="qpdf 855"
   name="encrypt normally"
  />
  <testcase
   id="qpdf 856"
   name="check metadata: b.pdf"
  />
  <testcase
   id="qpdf 857"
   name="encrypt V4"
  />
  <testcase
   id="qpdf 858"
   name="check metadata: b.pdf"
  />
  <testcase
   id="qpdf 859"
   name="encrypt with cleartext metadata"
  />
  <testcase
   id="qpdf 860"
   name="check metadata: b.pdf"
  />
  <testcase
   id="qpdf 861"
   name="preserve encryption"
  />
  <testcase
   id="qpdf 862"
   name="check metadata: c.pdf"
  />
  <testcase
   id="qpdf 863"
   name="encrypt with aes and cleartext metadata"
  />
  <testcase
   id="qpdf 864"
   name="check metadata: b.pdf"
  />
  <testcase
   id="qpdf 865"
   name="preserve encryption"
  />
  <testcase
   id="qpdf 866"
   name="check metadata: c.pdf"
  />
  <testcase
   id="qpdf 867"
   name="compress streams (enc-base.pdf)"
  />
  <testcase
   id="qpdf 868"
   name="check metadata: a.pdf"
  />
  <testcase
   id="qpdf 869"
   name="encrypt normally"
  />
  <testcase
   id="qpdf 870"
   name="check metadata: b.pdf"
  />
  <testcase
   id="qpdf 871"
   name="encrypt V4"
  />
  <testcase
   id="qpdf 872"
   name="check metadata: b.pdf"
  />
  <testcase
   id="qpdf 873"
   name="encrypt with cleartext metadata"
  />
  <testcase
   id="qpdf 874"
   name="check metadata: b.pdf"
  />
  <testcase
   id="qpdf 875"
   name="preserve encryption"
  />
  <testcase
   id="qpdf 876"
   name="check metadata: c.pdf"
  />
  <testcase
   id="qpdf 877"
   name="encrypt with aes and cleartext metadata"
  />
  <testcase
   id="qpdf 878"
   name="check metadata: b.pdf"
  />
  <testcase
   id="qpdf 879"
   name="preserve encryption"
  />
  <testcase
   id="qpdf 880"
   name="check metadata: c.pdf"
  />
  <testcase
   id="qpdf 881"
   name="preserve streams (enc-base.pdf)"
  />
  <testcase
   id="qpdf 882"
   name="check metadata: a.pdf"
  />
  <testcase
   id="qpdf 883"
   name="encrypt normally"
  />
  <testcase
   id="qpdf 884"
   name="check metadata: b.pdf"
  />
  <testcase
   id="qpdf 885"
   name="encrypt V4"
  />
  <testcase
   id="qpdf 886"
   name="check metadata: b.pdf"
  />
  <testcase
   id="qpdf 887"
   name="encrypt with cleartext metadata"
  />
  <testcase
   id="qpdf 888"
   name="check metadata: b.pdf"
  />
  <testcase
   id="qpdf 889"
   name="preserve encryption"
  />
  <testcase
   id="qpdf 890"
   name="check metadata: c.pdf"
  />
  <testcase
   id="qpdf 891"
   name="encrypt with aes and cleartext metadata"
  />
  <testcase
   id="qpdf 892"
   name="check metadata: b.pdf"
  />
  <testcase
   id="qpdf 893"
   name="preserve encryption"
  />
  <testcase
   id="qpdf 894"
   name="check metadata: c.pdf"
  />
  <testcase
   id="qpdf 895"
   name="dump linearization: lin0"
  />
  <testcase
   id="qpdf 896"
   name="dump linearization: lin1"
  />
  <testcase
   id="qpdf 897"
   name="dump linearization: lin2"
  />
  <testcase
   id="qpdf 898"
   name="dump linearization: lin3"
  />
  <testcase
   id="qpdf 899"
   name="dump linearization: lin4"
  />
  <testcase
   id="qpdf 900"
   name="dump linearization: lin5"
  />
  <testcase
   id="qpdf 901"
   name="dump linearization: lin6"
  />
  <testcase
   id="qpdf 902"
   name="dump linearization: lin7"
  />
  <testcase
   id="qpdf 903"
   name="dump linearization: lin8"
  />
  <testcase
   id="qpdf 904"
   name="dump linearization: lin9"
  />
  <testcase
   id="qpdf 905"
   name="dump linearization: badlin1"
  />
  <testcase
   id="qpdf 906"
   name="modified"
  />
  <testcase
   id="qpdf 907"
   name="check output"
  />
  <testcase
   id="qpdf 908"
   name="linearized and modified"
  />
  <testcase
   id="qpdf 909"
   name="check output"
  />
  <testcase
   id="qpdf 910"
   name="check linearized and modified"
  />
  <testcase
   id="qpdf 911"
   name="check multiple modifications"
  />
  <testcase
   id="qpdf 912"
   name="linearize lin-special (disable)"
  />
  <testcase
   id="qpdf 913"
   name="check linearization"
  />
  <testcase
   id="qpdf 914"
   name="relinearize lin-special 1"
  />
  <testcase
   id="qpdf 915"
   name="relinearize lin-special 2"
  />
  <testcase
   id="qpdf 916"
   name="compare files (disable)"
  />
  <testcase
   id="qpdf 917"
   name="check lin-special (disable)"
  />
  <testcase
   id="qpdf 918"
   name="linearize lin-special (preserve)"
  />
  <testcase
   id="qpdf 919"
   name="check linearization"
  />
  <testcase
   id="qpdf 920"
   name="relinearize lin-special 1"
  />
  <testcase
   id="qpdf 921"
   name="relinearize lin-special 2"
  />
  <testcase
   id="qpdf 922"
   name="compare files (preserve)"
  />
  <testcase
   id="qpdf 923"
   name="check lin-special (preserve)"
  />
  <testcase
   id="qpdf 924"
   name="linearize lin-special (generate)"
  />
  <testcase
   id="qpdf 925"
   name="check linearization"
  />
  <testcase
   id="qpdf 926"
   name="relinearize lin-special 1"
  />
  <testcase
   id="qpdf 927"
   name="relinearize lin-special 2"
  />
  <testcase
   id="qpdf 928"
   name="compare files (generate)"
  />
  <testcase
   id="qpdf 929"
   name="check lin-special (generate)"
  />
  <testcase
   id="qpdf 930"
   name="linearize delete-and-reuse (disable)"
  />
  <testcase
   id="qpdf 931"
   name="check linearization"
  />
  <testcase
   id="qpdf 932"
   name="relinearize delete-and-reuse 1"
  />
  <testcase
   id="qpdf 933"
   name="relinearize delete-and-reuse 2"
  />
  <testcase
   id="qpdf 934"
   name="compare files (disable)"
  />
  <testcase
   id="qpdf 935"
   name="linearize delete-and-reuse (preserve)"
  />
  <testcase
   id="qpdf 936"
   name="check linearization"
  />
  <testcase
   id="qpdf 937"
   name="relinearize delete-and-reuse 1"
  />
  <testcase
   id="qpdf 938"
   name="relinearize delete-and-reuse 2"
  />
  <testcase
   id="qpdf 939"
   name="compare files (preserve)"
  />
  <testcase
   id="qpdf 940"
   name="linearize delete-and-reuse (generate)"
  />
  <testcase
   id="qpdf 941"
   name="check linearization"
  />
  <testcase
   id="qpdf 942"
   name="relinearize delete-and-reuse 1"
  />
  <testcase
   id="qpdf 943"
   name="relinearize delete-and-reuse 2"
  />
  <testcase
   id="qpdf 944"
   name="compare files (generate)"
  />
  <testcase
   id="qpdf 945"
   name="linearize lin-delete-and-reuse (disable)"
  />
  <testcase
   id="qpdf 946"
   name="check linearization"
  />
  <testcase
   id="qpdf 947"
   name="relinearize lin-delete-and-reuse 1"
  />
  <testcase
   id="qpdf 948"
   name="relinearize lin-delete-and-reuse 2"
  />
  <testcase
   id="qpdf 949"
   name="compare files (disable)"
  />
  <testcase
   id="qpdf 950"
   name="linearize lin-delete-and-reuse (preserve)"
  />
  <testcase
   id="qpdf 951"
   name="check linearization"
  />
  <testcase
   id="qpdf 952"
   name="relinearize lin-delete-and-reuse 1"
  />
  <testcase
   id="qpdf 953"
   name="relinearize lin-delete-and-reuse 2"
  />
  <testcase
   id="qpdf 954"
   name="compare files (preserve)"
  />
  <testcase
   id="qpdf 955"
   name="linearize lin-delete-and-reuse (generate)"
  />
  <testcase
   id="qpdf 956"
   name="check linearization"
  />
  <testcase
   id="qpdf 957"
   name="relinearize lin-delete-and-reuse 1"
  />
  <testcase
   id="qpdf 958"
   name="relinearize lin-delete-and-reuse 2"
  />
  <testcase
   id="qpdf 959"
   name="compare files (generate)"
  />
  <testcase
   id="qpdf 960"
   name="linearize object-stream (disable)"
  />
  <testcase
   id="qpdf 961"
   name="check linearization"
  />
  <testcase
   id="qpdf 962"
   name="relinearize object-stream 1"
  />
  <testcase
   id="qpdf 963"
   name="relinearize object-stream 2"
  />
  <testcase
   id="qpdf 964"
   name="compare files (disable)"
  />
  <testcase
   id="qpdf 965"
   name="check object-stream (disable)"
  />
  <testcase
   id="qpdf 966"
   name="linearize object-stream (preserve)"
  />
  <testcase
   id="qpdf 967"
   name="check linearization"
  />
  <testcase
   id="qpdf 968"
   name="relinearize object-stream 1"
  />
  <testcase
   id="qpdf 969"
   name="relinearize object-stream 2"
  />
  <testcase
   id="qpdf 970"
   name="compare files (preserve)"
  />
  <testcase
   id="qpdf 971"
   name="check object-stream (preserve)"
  />
  <testcase
   id="qpdf 972"
   name="linearize object-stream (generate)"
  />
  <testcase
   id="qpdf 973"
   name="check linearization"
  />
  <testcase
   id="qpdf 974"
   name="relinearize object-stream 1"
  />
  <testcase
   id="qpdf 975"
   name="relinearize object-stream 2"
  />
  <testcase
   id="qpdf 976"
   name="compare files (generate)"
  />
  <testcase
   id="qpdf 977"
   name="check object-stream (generate)"
  />
  <testcase
   id="qpdf 978"
   name="linearize hybrid-xref (disable)"
  />
  <testcase
   id="qpdf 979"
   name="check linearization"
  />
  <testcase
   id="qpdf 980"
   name="relinearize hybrid-xref 1"
  />
  <testcase
   id="qpdf 981"
   name="relinearize hybrid-xref 2"
  />
  <testcase
   id="qpdf 982"
   name="compare files (disable)"
  />
  <testcase
   id="qpdf 983"
   name="linearize hybrid-xref (preserve)"
  />
  <testcase
   id="qpdf 984"
   name="check linearization"
  />
  <testcase
   id="qpdf 985"
   name="relinearize hybrid-xref 1"
  />
  <testcase
   id="qpdf 986"
   name="relinearize hybrid-xref 2"
  />
  <testcase
   id="qpdf 987"
   name="compare files (preserve)"
  />
  <testcase
   id="qpdf 988"
   name="linearize hybrid-xref (generate)"
  />
  <testcase
   id="qpdf 989"
   name="check linearization"
  />
  <testcase
   id="qpdf 990"
   name="relinearize hybrid-xref 1"
  />
  <testcase
   id="qpdf 991"
   name="relinearize hybrid-xref 2"
  />
  <testcase
   id="qpdf 992"
   name="compare files (generate)"
  />
  <testcase
   id="qpdf 993"
   name="linearize gen1 (disable)"
  />
  <testcase
   id="qpdf 994"
   name="check linearization"
  />
  <testcase
   id="qpdf 995"
   name="relinearize gen1 1"
  />
  <testcase
   id="qpdf 996"
   name="relinearize gen1 2"
  />
  <testcase
   id="qpdf 997"
   name="compare files (disable)"
  />
  <testcase
   id="qpdf 998"
   name="linearize gen1 (preserve)"
  />
  <testcase
   id="qpdf 999"
   name="check linearization"
  />
  <testcase
   id="qpdf 1000"
   name="relinearize gen1 1"
  />
  <testcase
   id="qpdf 1001"
   name="relinearize gen1 2"
  />
  <testcase
   id="qpdf 1002"
   name="compare files (preserve)"
  />
  <testcase
   id="qpdf 1003"
   name="linearize gen1 (generate)"
  />
  <testcase
   id="qpdf 1004"
   name="check linearization"
  />
  <testcase
   id="qpdf 1005"
   name="relinearize gen1 1"
  />
  <testcase
   id="qpdf 1006"
   name="relinearize gen1 2"
  />
  <testcase
   id="qpdf 1007"
   name="compare files (generate)"
  />
  <testcase
   id="qpdf 1008"
   name="linearize direct-outlines (disable)"
  />
  <testcase
   id="qpdf 1009"
   name="check linearization"
  />
  <testcase
   id="qpdf 1010"
   name="relinearize direct-outlines 1"
  />
  <testcase
   id="qpdf 1011"
   name="relinearize direct-outlines 2"
  />
  <testcase
   id="qpdf 1012"
   name="compare files (disable)"
  />
  <testcase
   id="qpdf 1013"
   name="linearize direct-outlines (preserve)"
  />
  <testcase
   id="qpdf 1014"
   name="check linearization"
  />
  <testcase
   id="qpdf 1015"
   name="relinearize direct-outlines 1"
  />
  <testcase
   id="qpdf 1016"
   name="relinearize direct-outlines 2"
  />
  <testcase
   id="qpdf 1017"
   name="compare files (preserve)"
  />
  <testcase
   id="qpdf 1018"
   name="linearize direct-outlines (generate)"
  />
  <testcase
   id="qpdf 1019"
   name="check linearization"
  />
  <testcase
   id="qpdf 1020"
   name="relinearize direct-outlines 1"
  />
  <testcase
   id="qpdf 1021"
   name="relinearize direct-outlines 2"
  />
  <testcase
   id="qpdf 1022"
   name="compare files (generate)"
  />
  <testcase
   id="qpdf 1023"
   name="linearize lin0 (disable)"
  />
  <testcase
   id="qpdf 1024"
   name="check linearization"
  />
  <testcase
   id="qpdf 1025"
   name="relinearize lin0 1"
  />
  <testcase
   id="qpdf 1026"
   name="relinearize lin0 2"
  />
  <testcase
   id="qpdf 1027"
   name="compare files (disable)"
  />
  <testcase
   id="qpdf 1028"
   name="linearize lin0 (preserve)"
  />
  <testcase
   id="qpdf 1029"
   name="check linearization"
  />
  <testcase
   id="qpdf 1030"
   name="relinearize lin0 1"
  />
  <testcase
   id="qpdf 1031"
   name="relinearize lin0 2"
  />
  <testcase
   id="qpdf 1032"
   name="compare files (preserve)"
  />
  <testcase
   id="qpdf 1033"
   name="linearize lin0 (generate)"
  />
  <testcase
   id="qpdf 1034"
   name="check linearization"
  />
  <testcase
   id="qpdf 1035"
   name="relinearize lin0 1"
  />
  <testcase
   id="qpdf 1036"
   name="relinearize lin0 2"
  />
  <testcase
   id="qpdf 1037"
   name="compare files (generate)"
  />
  <testcase
   id="qpdf 1038"
   name="linearize lin1 (disable)"
  />
  <testcase
   id="qpdf 1039"
   name="check linearization"
  />
  <testcase
   id="qpdf 1040"
   name="relinearize lin1 1"
  />
  <testcase
   id="qpdf 1041"
   name="relinearize lin1 2"
  />
  <testcase
   id="qpdf 1042"
   name="compare files (disable)"
  />
  <testcase
   id="qpdf 1043"
   name="linearize lin1 (preserve)"
  />
  <testcase
   id="qpdf 1044"
   name="check linearization"
  />
  <testcase
   id="qpdf 1045"
   name="relinearize lin1 1"
  />
  <testcase
   id="qpdf 1046"
   name="relinearize lin1 2"
  />
  <testcase
   id="qpdf 1047"
   name="compare files (preserve)"
  />
  <testcase
   id="qpdf 1048"
   name="linearize lin1 (generate)"
  />
  <testcase
   id="qpdf 1049"
   name="check linearization"
  />
  <testcase
   id="qpdf 1050"
   name="relinearize lin1 1"
  />
  <testcase
   id="qpdf 1051"
   name="relinearize lin1 2"
  />
  <testcase
   id="qpdf 1052"
   name="compare files (generate)"
  />
  <testcase
   id="qpdf 1053"
   name="linearize lin2 (disable)"
  />
  <testcase
   id="qpdf 1054"
   name="check linearization"
  />
  <testcase
   id="qpdf 1055"
   name="relinearize lin2 1"
  />
  <testcase
   id="qpdf 1056"
   name="relinearize lin2 2"
  />
  <testcase
   id="qpdf 1057"
   name="compare files (disable)"
  />
  <testcase
   id="qpdf 1058"
   name="linearize lin2 (preserve)"
  />
  <testcase
   id="qpdf 1059"
   name="check linearization"
  />
  <testcase
   id="qpdf 1060"
   name="relinearize lin2 1"
  />
  <testcase
   id="qpdf 1061"
   name="relinearize lin2 2"
  />
  <testcase
   id="qpdf 1062"
   name="compare files (preserve)"
  />
  <testcase
   id="qpdf 1063"
   name="linearize lin2 (generate)"
  />
  <testcase
   id="qpdf 1064"
   name="check linearization"
  />
  <testcase
   id="qpdf 1065"
   name="relinearize lin2 1"
  />
  <testcase
   id="qpdf 1066"
   name="relinearize lin2 2"
  />
  <testcase
   id="qpdf 1067"
   name="compare files (generate)"
  />
  <testcase
   id="qpdf 1068"
   name="linearize lin3 (disable)"
  />
  <testcase
   id="qpdf 1069"
   name="check linearization"
  />
  <testcase
   id="qpdf 1070"
   name="relinearize lin3 1"
  />
  <testcase
   id="qpdf 1071"
   name="relinearize lin3 2"
  />
  <testcase
   id="qpdf 1072"
   name="compare files (disable)"
  />
  <testcase
   id="qpdf 1073"
   name="linearize lin3 (preserve)"
  />
  <testcase
   id="qpdf 1074"
   name="check linearization"
  />
  <testcase
   id="qpdf 1075"
   name="relinearize lin3 1"
  />
  <testcase
   id="qpdf 1076"
   name="relinearize lin3 2"
  />
  <testcase
   id="qpdf 1077"
   name="compare files (preserve)"
  />
  <testcase
   id="qpdf 1078"
   name="linearize lin3 (generate)"
  />
  <testcase
   id="qpdf 1079"
   name="check linearization"
  />
  <testcase
   id="qpdf 1080"
   name="relinearize lin3 1"
  />
  <testcase
   id="qpdf 1081"
   name="relinearize lin3 2"
  />
  <testcase
   id="qpdf 1082"
   name="compare files (generate)"
  />
  <testcase
   id="qpdf 1083"
   name="linearize lin4 (disable)"
  />
  <testcase
   id="qpdf 1084"
   name="check linearization"
  />
  <testcase
   id="qpdf 1085"
   name="relinearize lin4 1"
  />
  <testcase
   id="qpdf 1086"
   name="relinearize lin4 2"
  />
  <testcase
   id="qpdf 1087"
   name="compare files (disable)"
  />
  <testcase
   id="qpdf 1088"
   name="linearize lin4 (preserve)"
  />
  <testcase
   id="qpdf 1089"
   name="check linearization"
  />
  <testcase
   id="qpdf 1090"
   name="relinearize lin4 1"
  />
  <testcase
   id="qpdf 1091"
   name="relinearize lin4 2"
  />
  <testcase
   id="qpdf 1092"
   name="compare files (preserve)"
  />
  <testcase
   id="qpdf 1093"
   name="linearize lin4 (generate)"
  />
  <testcase
   id="qpdf 1094"
   name="check linearization"
  />
  <testcase
   id="qpdf 1095"
   name="relinearize lin4 1"
  />
  <testcase
   id="qpdf 1096"
   name="relinearize lin4 2"
  />
  <testcase
   id="qpdf 1097"
   name="compare files (generate)"
  />
  <testcase
   id="qpdf 1098"
   name="linearize lin5 (disable)"
  />
  <testcase
   id="qpdf 1099"
   name="check linearization"
  />
  <testcase
   id="qpdf 1100"
   name="relinearize lin5 1"
  />
  <testcase
   id="qpdf 1101"
   name="relinearize lin5 2"
  />
  <testcase
   id="qpdf 1102"
   name="compare files (disable)"
  />
  <testcase
   id="qpdf 1103"
   name="linearize lin5 (preserve)"
  />
  <testcase
   id="qpdf 1104"
   name="check linearization"
  />
  <testcase
   id="qpdf 1105"
   name="relinearize lin5 1"
  />
  <testcase
   id="qpdf 1106"
   name="relinearize lin5 2"
  />
  <testcase
   id="qpdf 1107"
   name="compare files (preserve)"
  />
  <testcase
   id="qpdf 1108"
   name="linearize lin5 (generate)"
  />
  <testcase
   id="qpdf 1109"
   name="check linearization"
  />
  <testcase
   id="qpdf 1110"
   name="relinearize lin5 1"
  />
  <testcase
   id="qpdf 1111"
   name="relinearize lin5 2"
  />
  <testcase
   id="qpdf 1112"
   name="compare files (generate)"
  />
  <testcase
   id="qpdf 1113"
   name="linearize lin6 (disable)"
  />
  <testcase
   id="qpdf 1114"
   name="check linearization"
  />
  <testcase
   id="qpdf 1115"
   name="relinearize lin6 1"
  />
  <testcase
   id="qpdf 1116"
   name="relinearize lin6 2"
  />
  <testcase
   id="qpdf 1117"
   name="compare files (disable)"
  />
  <testcase
   id="qpdf 1118"
   name="linearize lin6 (preserve)"
  />
  <testcase
   id="qpdf 1119"
   name="check linearization"
  />
  <testcase
   id="qpdf 1120"
   name="relinearize lin6 1"
  />
  <testcase
   id="qpdf 1121"
   name="relinearize lin6 2"
  />
  <testcase
   id="qpdf 1122"
   name="compare files (preserve)"
  />
  <testcase
   id="qpdf 1123"
   name="linearize lin6 (generate)"
  />
  <testcase
   id="qpdf 1124"
   name="check linearization"
  />
  <testcase
   id="qpdf 1125"
   name="relinearize lin6 1"
  />
  <testcase
   id="qpdf 1126"
   name="relinearize lin6 2"
  />
  <testcase
   id="qpdf 1127"
   name="compare files (generate)"
  />
  <testcase
   id="qpdf 1128"
   name="linearize lin7 (disable)"
  />
  <testcase
   id="qpdf 1129"
   name="check linearization"
  />
  <testcase
   id="qpdf 1130"
   name="relinearize lin7 1"
  />
  <testcase
   id="qpdf 1131"
   name="relinearize lin7 2"
  />
  <testcase
   id="qpdf 1132"
   name="compare files (disable)"
  />
  <testcase
   id="qpdf 1133"
   name="linearize lin7 (preserve)"
  />
  <testcase
   id="qpdf 1134"
   name="check linearization"
  />
  <testcase
   id="qpdf 1135"
   name="relinearize lin7 1"
  />
  <testcase
   id="qpdf 1136"
   name="relinearize lin7 2"
  />
  <testcase
   id="qpdf 1137"
   name="compare files (preserve)"
  />
  <testcase
   id="qpdf 1138"
   name="linearize lin7 (generate)"
  />
  <testcase
   id="qpdf 1139"
   name="check linearization"
  />
  <testcase
   id="qpdf 1140"
   name="relinearize lin7 1"
  />
  <testcase
   id="qpdf 1141"
   name="relinearize lin7 2"
  />
  <testcase
   id="qpdf 1142"
   name="compare files (generate)"
  />
  <testcase
   id="qpdf 1143"
   name="linearize lin8 (disable)"
  />
  <testcase
   id="qpdf 1144"
   name="check linearization"
  />
  <testcase
   id="qpdf 1145"
   name="relinearize lin8 1"
  />
  <testcase
   id="qpdf 1146"
   name="relinearize lin8 2"
  />
  <testcase
   id="qpdf 1147"
   name="compare files (disable)"
  />
  <testcase
   id="qpdf 1148"
   name="linearize lin8 (preserve)"
  />
  <testcase
   id="qpdf 1149"
   name="check linearization"
  />
  <testcase
   id="qpdf 1150"
   name="relinearize lin8 1"
  />
  <testcase
   id="qpdf 1151"
   name="relinearize lin8 2"
  />
  <testcase
   id="qpdf 1152"
   name="compare files (preserve)"
  />
  <testcase
   id="qpdf 1153"
   name="linearize lin8 (generate)"
  />
  <testcase
   id="qpdf 1154"
   name="check linearization"
  />
  <testcase
   id="qpdf 1155"
   name="relinearize lin8 1"
  />
  <testcase
   id="qpdf 1156"
   name="relinearize lin8 2"
  />
  <testcase
   id="qpdf 1157"
   name="compare files (generate)"
  />
  <testcase
   id="qpdf 1158"
   name="linearize lin9 (disable)"
  />
  <testcase
   id="qpdf 1159"
   name="check linearization"
  />
  <testcase
   id="qpdf 1160"
   name="relinearize lin9 1"
  />
  <testcase
   id="qpdf 1161"
   name="relinearize lin9 2"
  />
  <testcase
   id="qpdf 1162"
   name="compare files (disable)"
  />
  <testcase
   id="qpdf 1163"
   name="linearize lin9 (preserve)"
  />
  <testcase
   id="qpdf 1164"
   name="check linearization"
  />
  <testcase
   id="qpdf 1165"
   name="relinearize lin9 1"
  />
  <testcase
   id="qpdf 1166"
   name="relinearize lin9 2"
  />
  <testcase
   id="qpdf 1167"
   name="compare files (preserve)"
  />
  <testcase
   id="qpdf 1168"
   name="linearize lin9 (generate)"
  />
  <testcase
   id="qpdf 1169"
   name="check linearization"
  />
  <testcase
   id="qpdf 1170"
   name="relinearize lin9 1"
  />
  <testcase
   id="qpdf 1171"
   name="relinearize lin9 2"
  />
  <testcase
   id="qpdf 1172"
   name="compare files (generate)"
  />
  <testcase
   id="qpdf 1173"
   name="linearize badlin1 (disable)"
  />
  <testcase
   id="qpdf 1174"
   name="check linearization"
  />
  <testcase
   id="qpdf 1175"
   name="relinearize badlin1 1"
  />
  <testcase
   id="qpdf 1176"
   name="relinearize badlin1 2"
  />
  <testcase
   id="qpdf 1177"
   name="compare files (disable)"
  />
  <testcase
   id="qpdf 1178"
   name="linearize badlin1 (preserve)"
  />
  <testcase
   id="qpdf 1179"
   name="check linearization"
  />
  <testcase
   id="qpdf 1180"
   name="relinearize badlin1 1"
  />
  <testcase
   id="qpdf 1181"
   name="relinearize badlin1 2"
  />
  <testcase
   id="qpdf 1182"
   name="compare files (preserve)"
  />
  <testcase
   id="qpdf 1183"
   name="linearize badlin1 (generate)"
  />
  <testcase
   id="qpdf 1184"
   name="check linearization"
  />
  <testcase
   id="qpdf 1185"
   name="relinearize badlin1 1"
  />
  <testcase
   id="qpdf 1186"
   name="relinearize badlin1 2"
  />
  <testcase
   id="qpdf 1187"
   name="compare files (generate)"
  />
  <testcase
   id="qpdf 1188"
   name="encrypted file"
  />
  <testcase
   id="qpdf 1189"
   name="preserve encryption"
  />
  <testcase
   id="qpdf 1190"
   name="recheck encrypted file"
  />
  <testcase
   id="qpdf 1191"
   name="significant password characters (V &lt; 5)"
  />
  <testcase
   id="qpdf 1192"
   name="significant password characters (V = 5)"
  />
  <testcase
   id="qpdf 1193"
   name="decrypt base"
  />
  <testcase
   id="qpdf 1194"
   name="check ID"
  />
  <testcase
   id="qpdf 1195"
   name="decrypt R3,V2"
  />
  <testcase
   id="qpdf 1196"
   name="check against base"
  />
  <testcase
   id="qpdf 1197"
   name="encrypt R3,V2"
  />
  <testcase
   id="qpdf 1198"
   name="check /P"
  />
  <testcase
   id="qpdf 1199"
   name="decrypt again"
  />
  <testcase
   id="qpdf 1200"
   name="compare"
  />
  <testcase
   id="qpdf 1201"
   name="preserve encryption"
  />
  <testcase
   id="qpdf 1202"
   name="check /P"
  />
  <testcase
   id="qpdf 1203"
   name="decrypt R3,V2,U=view"
  />
  <testcase
   id="qpdf 1204"
   name="check against base"
  />
  <testcase
   id="qpdf 1205"
   name="encrypt R3,V2,U=view"
  />
  <testcase
   id="qpdf 1206"
   name="check /P"
  />
  <testcase
   id="qpdf 1207"
   name="decrypt again"
  />
  <testcase
   id="qpdf 1208"
   name="compare"
  />
  <testcase
   id="qpdf 1209"
   name="preserve encryption"
  />
  <testcase
   id="qpdf 1210"
   name="check /P"
  />
  <testcase
   id="qpdf 1211"
   name="decrypt R3,V2,O=master"
  />
  <testcase
   id="qpdf 1212"
   name="check against base"
  />
  <testcase
   id="qpdf 1213"
   name="encrypt R3,V2,O=master"
  />
  <testcase
   id="qpdf 1214"
   name="check /P"
  />
  <testcase
   id="qpdf 1215"
   name="decrypt again"
  />
  <testcase
   id="qpdf 1216"
   name="compare"
  />
  <testcase
   id="qpdf 1217"
   name="preserve encryption"
  />
  <testcase
   id="qpdf 1218"
   name="check /P"
  />
  <testcase
   id="qpdf 1219"
   name="decrypt R3,V2,O=master"
  />
  <testcase
   id="qpdf 1220"
   name="check against base"
  />
  <testcase
   id="qpdf 1221"
   name="encrypt R3,V2,O=master"
  />
  <testcase
   id="qpdf 1222"
   name="check /P"
  />
  <testcase
   id="qpdf 1223"
   name="decrypt again"
  />
  <testcase
   id="qpdf 1224"
   name="compare"
  />
  <testcase
   id="qpdf 1225"
   name="preserve encryption"
  />
  <testcase
   id="qpdf 1226"
   name="check /P"
  />
  <testcase
   id="qpdf 1227"
   name="decrypt R3,V2,U=view,O=master"
  />
  <testcase
   id="qpdf 1228"
   name="check against base"
  />
  <testcase
   id="qpdf 1229"
   name="encrypt R3,V2,U=view,O=master"
  />
  <testcase
   id="qpdf 1230"
   name="check /P"
  />
  <testcase
   id="qpdf 1231"
   name="decrypt again"
  />
  <testcase
   id="qpdf 1232"
   name="compare"
  />
  <testcase
   id="qpdf 1233"
   name="preserve encryption"
  />
  <testcase
   id="qpdf 1234"
   name="check /P"
  />
  <testcase
   id="qpdf 1235"
   name="decrypt R3,V2,U=view,O=master"
  />
  <testcase
   id="qpdf 1236"
   name="check against base"
  />
  <testcase
   id="qpdf 1237"
   name="encrypt R3,V2,U=view,O=master"
  />
  <testcase
   id="qpdf 1238"
   name="check /P"
  />
  <testcase
   id="qpdf 1239"
   name="decrypt again"
  />
  <testcase
   id="qpdf 1240"
   name="compare"
  />
  <testcase
   id="qpdf 1241"
   name="preserve encryption"
  />
  <testcase
   id="qpdf 1242"
   name="check /P"
  />
  <testcase
   id="qpdf 1243"
   name="decrypt R2,V1"
  />
  <testcase
   id="qpdf 1244"
   name="check against base"
  />
  <testcase
   id="qpdf 1245"
   name="encrypt R2,V1"
  />
  <testcase
   id="qpdf 1246"
   name="check /P"
  />
  <testcase
   id="qpdf 1247"
   name="decrypt again"
  />
  <testcase
   id="qpdf 1248"
   name="compare"
  />
  <testcase
   id="qpdf 1249"
   name="preserve encryption"
  />
  <testcase
   id="qpdf 1250"
   name="check /P"
  />
  <testcase
   id="qpdf 1251"
   name="decrypt R2,V1,U=view"
  />
  <testcase
   id="qpdf 1252"
   name="check against base"
  />
  <testcase
   id="qpdf 1253"
   name="encrypt R2,V1,U=view"
  />
  <testcase
   id="qpdf 1254"
   name="check /P"
  />
  <testcase
   id="qpdf 1255"
   name="decrypt again"
  />
  <testcase
   id="qpdf 1256"
   name="compare"
  />
  <testcase
   id="qpdf 1257"
   name="preserve encryption"
  />
  <testcase
   id="qpdf 1258"
   name="check /P"
  />
  <testcase
   id="qpdf 1259"
   name="decrypt R2,V1,O=master"
  />
  <testcase
   id="qpdf 1260"
   name="check against base"
  />
  <testcase
   id="qpdf 1261"
   name="encrypt R2,V1,O=master"
  />
  <testcase
   id="qpdf 1262"
   name="check /P"
  />
  <testcase
   id="qpdf 1263"
   name="decrypt again"
  />
  <testcase
   id="qpdf 1264"
   name="compare"
  />
  <testcase
   id="qpdf 1265"
   name="preserve encryption"
  />
  <testcase
   id="qpdf 1266"
   name="check /P"
  />
  <testcase
   id="qpdf 1267"
   name="decrypt R2,V1,O=master"
  />
  <testcase
   id="qpdf 1268"
   name="check against base"
  />
  <testcase
   id="qpdf 1269"
   name="encrypt R2,V1,O=master"
  />
  <testcase
   id="qpdf 1270"
   name="check /P"
  />
  <testcase
   id="qpdf 1271"
   name="decrypt again"
  />
  <testcase
   id="qpdf 1272"
   name="compare"
  />
  <testcase
   id="qpdf 1273"
   name="preserve encryption"
  />
  <testcase
   id="qpdf 1274"
   name="check /P"
  />
  <testcase
   id="qpdf 1275"
   name="decrypt R2,V1,U=view,O=master"
  />
  <testcase
   id="qpdf 1276"
   name="check against base"
  />
  <testcase
   id="qpdf 1277"
   name="encrypt R2,V1,U=view,O=master"
  />
  <testcase
   id="qpdf 1278"
   name="check /P"
  />
  <testcase
   id="qpdf 1279"
   name="decrypt again"
  />
  <testcase
   id="qpdf 1280"
   name="compare"
  />
  <testcase
   id="qpdf 1281"
   name="preserve encryption"
  />
  <testcase
   id="qpdf 1282"
   name="check /P"
  />
  <testcase
   id="qpdf 1283"
   name="decrypt R2,V1,U=view,O=master"
  />
  <testcase
   id="qpdf 1284"
   name="check against base"
  />
  <testcase
   id="qpdf 1285"
   name="encrypt R2,V1,U=view,O=master"
  />
  <testcase
   id="qpdf 1286"
   name="check /P"
  />
  <testcase
   id="qpdf 1287"
   name="decrypt again"
  />
  <testcase
   id="qpdf 1288"
   name="compare"
  />
  <testcase
   id="qpdf 1289"
   name="preserve encryption"
  />
  <testcase
   id="qpdf 1290"
   name="check /P"
  />
  <testcase
   id="qpdf 1291"
   name="decrypt long-password"
  />
  <testcase
   id="qpdf 1292"
   name="check against base"
  />
  <testcase
   id="qpdf 1293"
   name="decrypt long-password"
  />
  <testcase
   id="qpdf 1294"
   name="check against base"
  />
  <testcase
   id="qpdf 1295"
   name="decrypt XI-base"
  />
  <testcase
   id="qpdf 1296"
   name="check ID"
  />
  <testcase
   id="qpdf 1297"
   name="decrypt XI-R6,V5,O=master"
  />
  <testcase
   id="qpdf 1298"
   name="check against base"
  />
  <testcase
   id="qpdf 1299"
   name="encrypt XI-R6,V5,O=master"
  />
  <testcase
   id="qpdf 1300"
   name="check /P"
  />
  <testcase
   id="qpdf 1301"
   name="decrypt again"
  />
  <testcase
   id="qpdf 1302"
   name="compare"
  />
  <testcase
   id="qpdf 1303"
   name="preserve encryption"
  />
  <testcase
   id="qpdf 1304"
   name="check /P"
  />
  <testcase
   id="qpdf 1305"
   name="decrypt XI-R6,V5,O=master"
  />
  <testcase
   id="qpdf 1306"
   name="check against base"
  />
  <testcase
   id="qpdf 1307"
   name="encrypt XI-R6,V5,O=master"
  />
  <testcase
   id="qpdf 1308"
   name="check /P"
  />
  <testcase
   id="qpdf 1309"
   name="decrypt again"
  />
  <testcase
   id="qpdf 1310"
   name="compare"
  />
  <testcase
   id="qpdf 1311"
   name="preserve encryption"
  />
  <testcase
   id="qpdf 1312"
   name="check /P"
  />
  <testcase
   id="qpdf 1313"
   name="decrypt XI-R6,V5,U=view,O=master"
  />
  <testcase
   id="qpdf 1314"
   name="check against base"
  />
  <testcase
   id="qpdf 1315"
   name="encrypt XI-R6,V5,U=view,O=master"
  />
  <testcase
   id="qpdf 1316"
   name="check /P"
  />
  <testcase
   id="qpdf 1317"
   name="decrypt again"
  />
  <testcase
   id="qpdf 1318"
   name="compare"
  />
  <testcase
   id="qpdf 1319"
   name="preserve encryption"
  />
  <testcase
   id="qpdf 1320"
   name="check /P"
  />
  <testcase
   id="qpdf 1321"
   name="decrypt XI-R6,V5,U=view,O=master"
  />
  <testcase
   id="qpdf 1322"
   name="check against base"
  />
  <testcase
   id="qpdf 1323"
   name="encrypt XI-R6,V5,U=view,O=master"
  />
  <testcase
   id="qpdf 1324"
   name="check /P"
  />
  <testcase
   id="qpdf 1325"
   name="decrypt again"
  />
  <testcase
   id="qpdf 1326"
   name="compare"
  />
  <testcase
   id="qpdf 1327"
   name="preserve encryption"
  />
  <testcase
   id="qpdf 1328"
   name="check /P"
  />
  <testcase
   id="qpdf 1329"
   name="decrypt XI-R6,V5,U=view,O=master"
  />
  <testcase
   id="qpdf 1330"
   name="check against base"
  />
  <testcase
   id="qpdf 1331"
   name="encrypt XI-R6,V5,U=view,O=master"
  />
  <testcase
   id="qpdf 1332"
   name="check /P"
  />
  <testcase
   id="qpdf 1333"
   name="decrypt again"
  />
  <testcase
   id="qpdf 1334"
   name="compare"
  />
  <testcase
   id="qpdf 1335"
   name="preserve encryption"
  />
  <testcase
   id="qpdf 1336"
   name="check /P"
  />
  <testcase
   id="qpdf 1337"
   name="decrypt XI-long-password"
  />
  <testcase
   id="qpdf 1338"
   name="check against base"
  />
  <testcase
   id="qpdf 1339"
   name="decrypt XI-long-password"
  />
  <testcase
   id="qpdf 1340"
   name="check against base"
  />
  <testcase
   id="qpdf 1341"
   name="non-encrypted"
  />
  <testcase
   id="qpdf 1342"
   name="invalid password"
  />
  <testcase
   id="qpdf 1343"
   name="C API: invalid password"
  />
  <testcase
   id="qpdf 1344"
   name="C API encryption: r2"
  />
  <testcase
   id="qpdf 1345"
   name="check r2 content"
  />
  <testcase
   id="qpdf 1346"
   name="C API encryption: r3"
  />
  <testcase
   id="qpdf 1347"
   name="check r3 content"
  />
  <testcase
   id="qpdf 1348"
   name="C API encryption: r4"
  />
  <testcase
   id="qpdf 1349"
   name="check r4 content"
  />
  <testcase
   id="qpdf 1350"
   name="C API encryption: r5"
  />
  <testcase
   id="qpdf 1351"
   name="check r5"
  />
  <testcase
   id="qpdf 1352"
   name="C API encryption: r6"
  />
  <testcase
   id="qpdf 1353"
   name="check r6"
  />
  <testcase
   id="qpdf 1354"
   name="C API encryption: decrypt with user"
  />
  <testcase
   id="qpdf 1355"
   name="check decrypt with user content"
  />
  <testcase
   id="qpdf 1356"
   name="C API encryption: decrypt with owner"
  />
  <testcase
   id="qpdf 1357"
   name="check decrypt with owner content"
  />
  <testcase
   id="qpdf 1358"
   name="C API encryption: decrypt R5 with user"
  />
  <testcase
   id="qpdf 1359"
   name="check decrypt R5 with user content"
  />
  <testcase
   id="qpdf 1360"
   name="C API encryption: decrypt R6 with owner"
  />
  <testcase
   id="qpdf 1361"
   name="check decrypt R6 with owner content"
  />
  <testcase
   id="qpdf 1362"
   name="linearize encrypted file"
  />
  <testcase
   id="qpdf 1363"
   name="check encryption"
  />
  <testcase
   id="qpdf 1364"
   name="check linearization"
  />
  <testcase
   id="qpdf 1365"
   name="linearize and encrypt file"
  />
  <testcase
   id="qpdf 1366"
   name="check encryption"
  />
  <testcase
   id="qpdf 1367"
   name="check linearization"
  />
  <testcase
   id="qpdf 1368"
   name="encrypt with AES"
  />
  <testcase
   id="qpdf 1369"
   name="check encryption"
  />
  <testcase
   id="qpdf 1370"
   name="convert original to qdf"
  />
  <testcase
   id="qpdf 1371"
   name="convert encrypted to qdf"
  />
  <testcase
   id="qpdf 1372"
   name="compare files"
  />
  <testcase
   id="qpdf 1373"
   name="linearize with AES and object streams"
  />
  <testcase
   id="qpdf 1374"
   name="check encryption"
  />
  <testcase
   id="qpdf 1375"
   name="linearize original"
  />
  <testcase
   id="qpdf 1376"
   name="convert linearized original to qdf"
  />
  <testcase
   id="qpdf 1377"
   name="convert encrypted to qdf"
  />
  <testcase
   id="qpdf 1378"
   name="compare files"
  />
  <testcase
   id="qpdf 1379"
   name="force version on aes encrypted"
  />
  <testcase
   id="qpdf 1380"
   name="check"
  />
  <testcase
   id="qpdf 1381"
   name="make sure there is no xref stream"
  />
  <testcase
   id="qpdf 1382"
   name="encrypt with V=5,R=5"
  />
  <testcase
   id="qpdf 1383"
   name="check encryption"
  />
  <testcase
   id="qpdf 1384"
   name="encrypt with V=5,R=6"
  />
  <testcase
   id="qpdf 1385"
   name="check encryption"
  />
  <testcase
   id="qpdf 1386"
   name="encrypt --force-V4"
  />
  <testcase
   id="qpdf 1387"
   name="check output"
  />
  <testcase
   id="qpdf 1388"
   name="show encryption"
  />
  <testcase
   id="qpdf 1389"
   name="encrypt --cleartext-metadata"
  />
  <testcase
   id="qpdf 1390"
   name="check output"
  />
  <testcase
   id="qpdf 1391"
   name="show encryption"
  />
  <testcase
   id="qpdf 1392"
   name="encrypt --use-aes=y"
  />
  <testcase
   id="qpdf 1393"
   name="check output"
  />
  <testcase
   id="qpdf 1394"
   name="show encryption"
  />
  <testcase
   id="qpdf 1395"
   name="encrypt --cleartext-metadata --use-aes=y"
  />
  <testcase
   id="qpdf 1396"
   name="check output"
  />
  <testcase
   id="qpdf 1397"
   name="show encryption"
  />
  <testcase
   id="qpdf 1398"
   name="decrypt with crypt filter"
  />
  <testcase
   id="qpdf 1399"
   name="check output"
  />
  <testcase
   id="qpdf 1400"
   name="create reference qdf"
  />
  <testcase
   id="qpdf 1401"
   name="create encrypted file"
  />
  <testcase
   id="qpdf 1402"
   name="copy encryption parameters"
  />
  <testcase
   id="qpdf 1403"
   name="check output encryption"
  />
  <testcase
   id="qpdf 1404"
   name="convert to qdf"
  />
  <testcase
   id="qpdf 1405"
   name="compare qdf"
  />
  <testcase
   id="qpdf 1406"
   name="copy encryption with qpdf"
  />
  <testcase
   id="qpdf 1407"
   name="check output encryption"
  />
  <testcase
   id="qpdf 1408"
   name="convert to qdf"
  />
  <testcase
   id="qpdf 1409"
   name="compare qdf"
  />
  <testcase
   id="qpdf 1410"
   name="decrypt enc-XI-attachments-base.pdf"
  />
  <testcase
   id="qpdf 1411"
   name="extract attachments"
  />
  <testcase
   id="qpdf 1412"
   name="copy enc-XI-attachments-base.pdf"
  />
  <testcase
   id="qpdf 1413"
   name="extract attachments"
  />
  <testcase
   id="qpdf 1414"
   name="decrypt enc-XI-R6,V5,U=attachment,encrypted-attachments.pdf"
  />
  <testcase
   id="qpdf 1415"
   name="extract attachments"
  />
  <testcase
   id="qpdf 1416"
   name="copy enc-XI-R6,V5,U=attachment,encrypted-attachments.pdf"
  />
  <testcase
   id="qpdf 1417"
   name="extract attachments"
  />
  <testcase
   id="qpdf 1418"
   name="decrypt enc-XI-R6,V5,U=view,attachments,cleartext-metadata.pdf"
  />
  <testcase
   id="qpdf 1419"
   name="extract attachments"
  />
  <testcase
   id="qpdf 1420"
   name="copy enc-XI-R6,V5,U=view,attachments,cleartext-metadata.pdf"
  />
  <testcase
   id="qpdf 1421"
   name="extract attachments"
  />
  <testcase
   id="qpdf 1422"
   name="unfilterable with crypt"
  />
  <testcase
   id="qpdf 1423"
   name="decrypt file"
  />
  <testcase
   id="qpdf 1424"
   name="copy of unfilterable with crypt"
  />
  <testcase
   id="qpdf 1425"
   name="use/show encryption key (user)"
  />
  <testcase
   id="qpdf 1426"
   name="use/show encryption key (owner)"
  />
  <testcase
   id="qpdf 1427"
   name="use/show encryption key (hex)"
  />
  <testcase
   id="qpdf 1428"
   name="C check warn"
  />
  <testcase
   id="qpdf 1429"
   name="C check clear"
  />
  <testcase
   id="qpdf 1430"
   name="encrypted-with-images.pdf (os:d qdf)"
  />
  <testcase
   id="qpdf 1431"
   name="check status"
  />
  <testcase
   id="qpdf 1432"
   name="check with C API"
  />
  <testcase
   id="qpdf 1433"
   name="encrypted-with-images.pdf (os:d qdf not normalized)"
  />
  <testcase
   id="qpdf 1434"
   name="check status"
  />
  <testcase
   id="qpdf 1435"
   name="check with C API"
  />
  <testcase
   id="qpdf 1436"
   name="encrypted-with-images.pdf (os:d qdf not uncompressed)"
  />
  <testcase
   id="qpdf 1437"
   name="check status"
  />
  <testcase
   id="qpdf 1438"
   name="check with C API"
  />
  <testcase
   id="qpdf 1439"
   name="encrypted-with-images.pdf (os:d qdf not normalized or uncompressed)"
  />
  <testcase
   id="qpdf 1440"
   name="check status"
  />
  <testcase
   id="qpdf 1441"
   name="check with C API"
  />
  <testcase
   id="qpdf 1442"
   name="encrypted-with-images.pdf (os:d uncompresed)"
  />
  <testcase
   id="qpdf 1443"
   name="check status"
  />
  <testcase
   id="qpdf 1444"
   name="check with C API"
  />
  <testcase
   id="qpdf 1445"
   name="encrypted-with-images.pdf (os:d normalized)"
  />
  <testcase
   id="qpdf 1446"
   name="check status"
  />
  <testcase
   id="qpdf 1447"
   name="check with C API"
  />
  <testcase
   id="qpdf 1448"
   name="encrypted-with-images.pdf (os:d uncompressed and normalized)"
  />
  <testcase
   id="qpdf 1449"
   name="check status"
  />
  <testcase
   id="qpdf 1450"
   name="check with C API"
  />
  <testcase
   id="qpdf 1451"
   name="encrypted-with-images.pdf (os:d decrypted)"
  />
  <testcase
   id="qpdf 1452"
   name="check status"
  />
  <testcase
   id="qpdf 1453"
   name="check with C API"
  />
  <testcase
   id="qpdf 1454"
   name="encrypted-with-images.pdf (os:d linearized)"
  />
  <testcase
   id="qpdf 1455"
   name="check status"
  />
  <testcase
   id="qpdf 1456"
   name="check with C API"
  />
  <testcase
   id="qpdf 1457"
   name="encrypted-with-images.pdf (os:d encrypted)"
  />
  <testcase
   id="qpdf 1458"
   name="check status"
  />
  <testcase
   id="qpdf 1459"
   name="check with C API"
  />
  <testcase
   id="qpdf 1460"
   name="encrypted-with-images.pdf (os:d linearized and encrypted)"
  />
  <testcase
   id="qpdf 1461"
   name="check status"
  />
  <testcase
   id="qpdf 1462"
   name="check with C API"
  />
  <testcase
   id="qpdf 1463"
   name="encrypted-with-images.pdf (os:d no arguments)"
  />
  <testcase
   id="qpdf 1464"
   name="check status"
  />
  <testcase
   id="qpdf 1465"
   name="check with C API"
  />
  <testcase
   id="qpdf 1466"
   name="encrypted-with-images.pdf (os:g qdf)"
  />
  <testcase
   id="qpdf 1467"
   name="check status"
  />
  <testcase
   id="qpdf 1468"
   name="check with C API"
  />
  <testcase
   id="qpdf 1469"
   name="encrypted-with-images.pdf (os:g qdf not normalized)"
  />
  <testcase
   id="qpdf 1470"
   name="check status"
  />
  <testcase
   id="qpdf 1471"
   name="check with C API"
  />
  <testcase
   id="qpdf 1472"
   name="encrypted-with-images.pdf (os:g qdf not uncompressed)"
  />
  <testcase
   id="qpdf 1473"
   name="check status"
  />
  <testcase
   id="qpdf 1474"
   name="check with C API"
  />
  <testcase
   id="qpdf 1475"
   name="encrypted-with-images.pdf (os:g qdf not normalized or uncompressed)"
  />
  <testcase
   id="qpdf 1476"
   name="check status"
  />
  <testcase
   id="qpdf 1477"
   name="check with C API"
  />
  <testcase
   id="qpdf 1478"
   name="encrypted-with-images.pdf (os:g uncompresed)"
  />
  <testcase
   id="qpdf 1479"
   name="check status"
  />
  <testcase
   id="qpdf 1480"
   name="check with C API"
  />
  <testcase
   id="qpdf 1481"
   name="encrypted-with-images.pdf (os:g normalized)"
  />
  <testcase
   id="qpdf 1482"
   name="check status"
  />
  <testcase
   id="qpdf 1483"
   name="check with C API"
  />
  <testcase
   id="qpdf 1484"
   name="encrypted-with-images.pdf (os:g uncompressed and normalized)"
  />
  <testcase
   id="qpdf 1485"
   name="check status"
  />
  <testcase
   id="qpdf 1486"
   name="check with C API"
  />
  <testcase
   id="qpdf 1487"
   name="encrypted-with-images.pdf (os:g decrypted)"
  />
  <testcase
   id="qpdf 1488"
   name="check status"
  />
  <testcase
   id="qpdf 1489"
   name="check with C API"
  />
  <testcase
   id="qpdf 1490"
   name="encrypted-with-images.pdf (os:g linearized)"
  />
  <testcase
   id="qpdf 1491"
   name="check status"
  />
  <testcase
   id="qpdf 1492"
   name="check with C API"
  />
  <testcase
   id="qpdf 1493"
   name="encrypted-with-images.pdf (os:g encrypted)"
  />
  <testcase
   id="qpdf 1494"
   name="check status"
  />
  <testcase
   id="qpdf 1495"
   name="check with C API"
  />
  <testcase
   id="qpdf 1496"
   name="encrypted-with-images.pdf (os:g linearized and encrypted)"
  />
  <testcase
   id="qpdf 1497"
   name="check status"
  />
  <testcase
   id="qpdf 1498"
   name="check with C API"
  />
  <testcase
   id="qpdf 1499"
   name="encrypted-with-images.pdf (os:g no arguments)"
  />
  <testcase
   id="qpdf 1500"
   name="check status"
  />
  <testcase
   id="qpdf 1501"
   name="check with C API"
  />
  <testcase
   id="qpdf 1502"
   name="inline-images.pdf (os:d qdf)"
  />
  <testcase
   id="qpdf 1503"
   name="check status"
  />
  <testcase
   id="qpdf 1504"
   name="check with C API"
  />
  <testcase
   id="qpdf 1505"
   name="inline-images.pdf (os:d qdf not normalized)"
  />
  <testcase
   id="qpdf 1506"
   name="check status"
  />
  <testcase
   id="qpdf 1507"
   name="check with C API"
  />
  <testcase
   id="qpdf 1508"
   name="inline-images.pdf (os:d qdf not uncompressed)"
  />
  <testcase
   id="qpdf 1509"
   name="check status"
  />
  <testcase
   id="qpdf 1510"
   name="check with C API"
  />
  <testcase
   id="qpdf 1511"
   name="inline-images.pdf (os:d qdf not normalized or uncompressed)"
  />
  <testcase
   id="qpdf 1512"
   name="check status"
  />
  <testcase
   id="qpdf 1513"
   name="check with C API"
  />
  <testcase
   id="qpdf 1514"
   name="inline-images.pdf (os:d uncompresed)"
  />
  <testcase
   id="qpdf 1515"
   name="check status"
  />
  <testcase
   id="qpdf 1516"
   name="check with C API"
  />
  <testcase
   id="qpdf 1517"
   name="inline-images.pdf (os:d normalized)"
  />
  <testcase
   id="qpdf 1518"
   name="check status"
  />
  <testcase
   id="qpdf 1519"
   name="check with C API"
  />
  <testcase
   id="qpdf 1520"
   name="inline-images.pdf (os:d uncompressed and normalized)"
  />
  <testcase
   id="qpdf 1521"
   name="check status"
  />
  <testcase
   id="qpdf 1522"
   name="check with C API"
  />
  <testcase
   id="qpdf 1523"
   name="inline-images.pdf (os:d decrypted)"
  />
  <testcase
   id="qpdf 1524"
   name="check status"
  />
  <testcase
   id="qpdf 1525"
   name="check with C API"
  />
  <testcase
   id="qpdf 1526"
   name="inline-images.pdf (os:d linearized)"
  />
  <testcase
   id="qpdf 1527"
   name="check status"
  />
  <testcase
   id="qpdf 1528"
   name="check with C API"
  />
  <testcase
   id="qpdf 1529"
   name="inline-images.pdf (os:d encrypted)"
  />
  <testcase
   id="qpdf 1530"
   name="check status"
  />
  <testcase
   id="qpdf 1531"
   name="check with C API"
  />
  <testcase
   id="qpdf 1532"
   name="inline-images.pdf (os:d linearized and encrypted)"
  />
  <testcase
   id="qpdf 1533"
   name="check status"
  />
  <testcase
   id="qpdf 1534"
   name="check with C API"
  />
  <testcase
   id="qpdf 1535"
   name="inline-images.pdf (os:d no arguments)"
  />
  <testcase
   id="qpdf 1536"
   name="check status"
  />
  <testcase
   id="qpdf 1537"
   name="check with C API"
  />
  <testcase
   id="qpdf 1538"
   name="inline-images.pdf (os:g qdf)"
  />
  <testcase
   id="qpdf 1539"
   name="check status"
  />
  <testcase
   id="qpdf 1540"
   name="check with C API"
  />
  <testcase
   id="qpdf 1541"
   name="inline-images.pdf (os:g qdf not normalized)"
  />
  <testcase
   id="qpdf 1542"
   name="check status"
  />
  <testcase
   id="qpdf 1543"
   name="check with C API"
  />
  <testcase
   id="qpdf 1544"
   name="inline-images.pdf (os:g qdf not uncompressed)"
  />
  <testcase
   id="qpdf 1545"
   name="check status"
  />
  <testcase
   id="qpdf 1546"
   name="check with C API"
  />
  <testcase
   id="qpdf 1547"
   name="inline-images.pdf (os:g qdf not normalized or uncompressed)"
  />
  <testcase
   id="qpdf 1548"
   name="check status"
  />
  <testcase
   id="qpdf 1549"
   name="check with C API"
  />
  <testcase
   id="qpdf 1550"
   name="inline-images.pdf (os:g uncompresed)"
  />
  <testcase
   id="qpdf 1551"
   name="check status"
  />
  <testcase
   id="qpdf 1552"
   name="check with C API"
  />
  <testcase
   id="qpdf 1553"
   name="inline-images.pdf (os:g normalized)"
  />
  <testcase
   id="qpdf 1554"
   name="check status"
  />
  <testcase
   id="qpdf 1555"
   name="check with C API"
  />
  <testcase
   id="qpdf 1556"
   name="inline-images.pdf (os:g uncompressed and normalized)"
  />
  <testcase
   id="qpdf 1557"
   name="check status"
  />
  <testcase
   id="qpdf 1558"
   name="check with C API"
  />
  <testcase
   id="qpdf 1559"
   name="inline-images.pdf (os:g decrypted)"
  />
  <testcase
   id="qpdf 1560"
   name="check status"
  />
  <testcase
   id="qpdf 1561"
   name="check with C API"
  />
  <testcase
   id="qpdf 1562"
   name="inline-images.pdf (os:g linearized)"
  />
  <testcase
   id="qpdf 1563"
   name="check status"
  />
  <testcase
   id="qpdf 1564"
   name="check with C API"
  />
  <testcase
   id="qpdf 1565"
   name="inline-images.pdf (os:g encrypted)"
  />
  <testcase
   id="qpdf 1566"
   name="check status"
  />
  <testcase
   id="qpdf 1567"
   name="check with C API"
  />
  <testcase
   id="qpdf 1568"
   name="inline-images.pdf (os:g linearized and encrypted)"
  />
  <testcase
   id="qpdf 1569"
   name="check status"
  />
  <testcase
   id="qpdf 1570"
   name="check with C API"
  />
  <testcase
   id="qpdf 1571"
   name="inline-images.pdf (os:g no arguments)"
  />
  <testcase
   id="qpdf 1572"
   name="check status"
  />
  <testcase
   id="qpdf 1573"
   name="check with C API"
  />
  <testcase
   id="qpdf 1574"
   name="lin-special.pdf (os:d qdf)"
  />
  <testcase
   id="qpdf 1575"
   name="check status"
  />
  <testcase
   id="qpdf 1576"
   name="check with C API"
  />
  <testcase
   id="qpdf 1577"
   name="lin-special.pdf (os:d qdf not normalized)"
  />
  <testcase
   id="qpdf 1578"
   name="check status"
  />
  <testcase
   id="qpdf 1579"
   name="check with C API"
  />
  <testcase
   id="qpdf 1580"
   name="lin-special.pdf (os:d qdf not uncompressed)"
  />
  <testcase
   id="qpdf 1581"
   name="check status"
  />
  <testcase
   id="qpdf 1582"
   name="check with C API"
  />
  <testcase
   id="qpdf 1583"
   name="lin-special.pdf (os:d qdf not normalized or uncompressed)"
  />
  <testcase
   id="qpdf 1584"
   name="check status"
  />
  <testcase
   id="qpdf 1585"
   name="check with C API"
  />
  <testcase
   id="qpdf 1586"
   name="lin-special.pdf (os:d uncompresed)"
  />
  <testcase
   id="qpdf 1587"
   name="check status"
  />
  <testcase
   id="qpdf 1588"
   name="check with C API"
  />
  <testcase
   id="qpdf 1589"
   name="lin-special.pdf (os:d normalized)"
  />
  <testcase
   id="qpdf 1590"
   name="check status"
  />
  <testcase
   id="qpdf 1591"
   name="check with C API"
  />
  <testcase
   id="qpdf 1592"
   name="lin-special.pdf (os:d uncompressed and normalized)"
  />
  <testcase
   id="qpdf 1593"
   name="check status"
  />
  <testcase
   id="qpdf 1594"
   name="check with C API"
  />
  <testcase
   id="qpdf 1595"
   name="lin-special.pdf (os:d decrypted)"
  />
  <testcase
   id="qpdf 1596"
   name="check status"
  />
  <testcase
   id="qpdf 1597"
   name="check with C API"
  />
  <testcase
   id="qpdf 1598"
   name="lin-special.pdf (os:d linearized)"
  />
  <testcase
   id="qpdf 1599"
   name="check status"
  />
  <testcase
   id="qpdf 1600"
   name="check with C API"
  />
  <testcase
   id="qpdf 1601"
   name="lin-special.pdf (os:d encrypted)"
  />
  <testcase
   id="qpdf 1602"
   name="check status"
  />
  <testcase
   id="qpdf 1603"
   name="check with C API"
  />
  <testcase
   id="qpdf 1604"
   name="lin-special.pdf (os:d linearized and encrypted)"
  />
  <testcase
   id="qpdf 1605"
   name="check status"
  />
  <testcase
   id="qpdf 1606"
   name="check with C API"
  />
  <testcase
   id="qpdf 1607"
   name="lin-special.pdf (os:d no arguments)"
  />
  <testcase
   id="qpdf 1608"
   name="check status"
  />
  <testcase
   id="qpdf 1609"
   name="check with C API"
  />
  <testcase
   id="qpdf 1610"
   name="lin-special.pdf (os:g qdf)"
  />
  <testcase
   id="qpdf 1611"
   name="check status"
  />
  <testcase
   id="qpdf 1612"
   name="check with C API"
  />
  <testcase
   id="qpdf 1613"
   name="lin-special.pdf (os:g qdf not normalized)"
  />
  <testcase
   id="qpdf 1614"
   name="check status"
  />
  <testcase
   id="qpdf 1615"
   name="check with C API"
  />
  <testcase
   id="qpdf 1616"
   name="lin-special.pdf (os:g qdf not uncompressed)"
  />
  <testcase
   id="qpdf 1617"
   name="check status"
  />
  <testcase
   id="qpdf 1618"
   name="check with C API"
  />
  <testcase
   id="qpdf 1619"
   name="lin-special.pdf (os:g qdf not normalized or uncompressed)"
  />
  <testcase
   id="qpdf 1620"
   name="check status"
  />
  <testcase
   id="qpdf 1621"
   name="check with C API"
  />
  <testcase
   id="qpdf 1622"
   name="lin-special.pdf (os:g uncompresed)"
  />
  <testcase
   id="qpdf 1623"
   name="check status"
  />
  <testcase
   id="qpdf 1624"
   name="check with C API"
  />
  <testcase
   id="qpdf 1625"
   name="lin-special.pdf (os:g normalized)"
  />
  <testcase
   id="qpdf 1626"
   name="check status"
  />
  <testcase
   id="qpdf 1627"
   name="check with C API"
  />
  <testcase
   id="qpdf 1628"
   name="lin-special.pdf (os:g uncompressed and normalized)"
  />
  <testcase
   id="qpdf 1629"
   name="check status"
  />
  <testcase
   id="qpdf 1630"
   name="check with C API"
  />
  <testcase
   id="qpdf 1631"
   name="lin-special.pdf (os:g decrypted)"
  />
  <testcase
   id="qpdf 1632"
   name="check status"
  />
  <testcase
   id="qpdf 1633"
   name="check with C API"
  />
  <testcase
   id="qpdf 1634"
   name="lin-special.pdf (os:g linearized)"
  />
  <testcase
   id="qpdf 1635"
   name="check status"
  />
  <testcase
   id="qpdf 1636"
   name="check with C API"
  />
  <testcase
   id="qpdf 1637"
   name="lin-special.pdf (os:g encrypted)"
  />
  <testcase
   id="qpdf 1638"
   name="check status"
  />
  <testcase
   id="qpdf 1639"
   name="check with C API"
  />
  <testcase
   id="qpdf 1640"
   name="lin-special.pdf (os:g linearized and encrypted)"
  />
  <testcase
   id="qpdf 1641"
   name="check status"
  />
  <testcase
   id="qpdf 1642"
   name="check with C API"
  />
  <testcase
   id="qpdf 1643"
   name="lin-special.pdf (os:g no arguments)"
  />
  <testcase
   id="qpdf 1644"
   name="check status"
  />
  <testcase
   id="qpdf 1645"
   name="check with C API"
  />
  <testcase
   id="qpdf 1646"
   name="object-stream.pdf (os:d qdf)"
  />
  <testcase
   id="qpdf 1647"
   name="check status"
  />
  <testcase
   id="qpdf 1648"
   name="check with C API"
  />
  <testcase
   id="qpdf 1649"
   name="object-stream.pdf (os:d qdf not normalized)"
  />
  <testcase
   id="qpdf 1650"
   name="check status"
  />
  <testcase
   id="qpdf 1651"
   name="check with C API"
  />
  <testcase
   id="qpdf 1652"
   name="object-stream.pdf (os:d qdf not uncompressed)"
  />
  <testcase
   id="qpdf 1653"
   name="check status"
  />
  <testcase
   id="qpdf 1654"
   name="check with C API"
  />
  <testcase
   id="qpdf 1655"
   name="object-stream.pdf (os:d qdf not normalized or uncompressed)"
  />
  <testcase
   id="qpdf 1656"
   name="check status"
  />
  <testcase
   id="qpdf 1657"
   name="check with C API"
  />
  <testcase
   id="qpdf 1658"
   name="object-stream.pdf (os:d uncompresed)"
  />
  <testcase
   id="qpdf 1659"
   name="check status"
  />
  <testcase
   id="qpdf 1660"
   name="check with C API"
  />
  <testcase
   id="qpdf 1661"
   name="object-stream.pdf (os:d normalized)"
  />
  <testcase
   id="qpdf 1662"
   name="check status"
  />
  <testcase
   id="qpdf 1663"
   name="check with C API"
  />
  <testcase
   id="qpdf 1664"
   name="object-stream.pdf (os:d uncompressed and normalized)"
  />
  <testcase
   id="qpdf 1665"
   name="check status"
  />
  <testcase
   id="qpdf 1666"
   name="check with C API"
  />
  <testcase
   id="qpdf 1667"
   name="object-stream.pdf (os:d decrypted)"
  />
  <testcase
   id="qpdf 1668"
   name="check status"
  />
  <testcase
   id="qpdf 1669"
   name="check with C API"
  />
  <testcase
   id="qpdf 1670"
   name="object-stream.pdf (os:d linearized)"
  />
  <testcase
   id="qpdf 1671"
   name="check status"
  />
  <testcase
   id="qpdf 1672"
   name="check with C API"
  />
  <testcase
   id="qpdf 1673"
   name="object-stream.pdf (os:d encrypted)"
  />
  <testcase
   id="qpdf 1674"
   name="check status"
  />
  <testcase
   id="qpdf 1675"
   name="check with C API"
  />
  <testcase
   id="qpdf 1676"
   name="object-stream.pdf (os:d linearized and encrypted)"
  />
  <testcase
   id="qpdf 1677"
   name="check status"
  />
  <testcase
   id="qpdf 1678"
   name="check with C API"
  />
  <testcase
   id="qpdf 1679"
   name="object-stream.pdf (os:d no arguments)"
  />
  <testcase
   id="qpdf 1680"
   name="check status"
  />
  <testcase
   id="qpdf 1681"
   name="check with C API"
  />
  <testcase
   id="qpdf 1682"
   name="object-stream.pdf (os:g qdf)"
  />
  <testcase
   id="qpdf 1683"
   name="check status"
  />
  <testcase
   id="qpdf 1684"
   name="check with C API"
  />
  <testcase
   id="qpdf 1685"
   name="object-stream.pdf (os:g qdf not normalized)"
  />
  <testcase
   id="qpdf 1686"
   name="check status"
  />
  <testcase
   id="qpdf 1687"
   name="check with C API"
  />
  <testcase
   id="qpdf 1688"
   name="object-stream.pdf (os:g qdf not uncompressed)"
  />
  <testcase
   id="qpdf 1689"
   name="check status"
  />
  <testcase
   id="qpdf 1690"
   name="check with C API"
  />
  <testcase
   id="qpdf 1691"
   name="object-stream.pdf (os:g qdf not normalized or uncompressed)"
  />
  <testcase
   id="qpdf 1692"
   name="check status"
  />
  <testcase
   id="qpdf 1693"
   name="check with C API"
  />
  <testcase
   id="qpdf 1694"
   name="object-stream.pdf (os:g uncompresed)"
  />
  <testcase
   id="qpdf 1695"
   name="check status"
  />
  <testcase
   id="qpdf 1696"
   name="check with C API"
  />
  <testcase
   id="qpdf 1697"
   name="object-stream.pdf (os:g normalized)"
  />
  <testcase
   id="qpdf 1698"
   name="check status"
  />
  <testcase
   id="qpdf 1699"
   name="check with C API"
  />
  <testcase
   id="qpdf 1700"
   name="object-stream.pdf (os:g uncompressed and normalized)"
  />
  <testcase
   id="qpdf 1701"
   name="check status"
  />
  <testcase
   id="qpdf 1702"
   name="check with C API"
  />
  <testcase
   id="qpdf 1703"
   name="object-stream.pdf (os:g decrypted)"
  />
  <testcase
   id="qpdf 1704"
   name="check status"
  />
  <testcase
   id="qpdf 1705"
   name="check with C API"
  />
  <testcase
   id="qpdf 1706"
   name="object-stream.pdf (os:g linearized)"
  />
  <testcase
   id="qpdf 1707"
   name="check status"
  />
  <testcase
   id="qpdf 1708"
   name="check with C API"
  />
  <testcase
   id="qpdf 1709"
   name="object-stream.pdf (os:g encrypted)"
  />
  <testcase
   id="qpdf 1710"
   name="check status"
  />
  <testcase
   id="qpdf 1711"
   name="check with C API"
  />
  <testcase
   id="qpdf 1712"
   name="object-stream.pdf (os:g linearized and encrypted)"
  />
  <testcase
   id="qpdf 1713"
   name="check status"
  />
  <testcase
   id="qpdf 1714"
   name="check with C API"
  />
  <testcase
   id="qpdf 1715"
   name="object-stream.pdf (os:g no arguments)"
  />
  <testcase
   id="qpdf 1716"
   name="check status"
  />
  <testcase
   id="qpdf 1717"
   name="check with C API"
  />
  <testcase
   id="qpdf 1718"
   name="hybrid-xref.pdf (os:d qdf)"
  />
  <testcase
   id="qpdf 1719"
   name="check status"
  />
  <testcase
   id="qpdf 1720"
   name="check with C API"
  />
  <testcase
   id="qpdf 1721"
   name="hybrid-xref.pdf (os:d qdf not normalized)"
  />
  <testcase
   id="qpdf 1722"
   name="check status"
  />
  <testcase
   id="qpdf 1723"
   name="check with C API"
  />
  <testcase
   id="qpdf 1724"
   name="hybrid-xref.pdf (os:d qdf not uncompressed)"
  />
  <testcase
   id="qpdf 1725"
   name="check status"
  />
  <testcase
   id="qpdf 1726"
   name="check with C API"
  />
  <testcase
   id="qpdf 1727"
   name="hybrid-xref.pdf (os:d qdf not normalized or uncompressed)"
  />
  <testcase
   id="qpdf 1728"
   name="check status"
  />
  <testcase
   id="qpdf 1729"
   name="check with C API"
  />
  <testcase
   id="qpdf 1730"
   name="hybrid-xref.pdf (os:d uncompresed)"
  />
  <testcase
   id="qpdf 1731"
   name="check status"
  />
  <testcase
   id="qpdf 1732"
   name="check with C API"
  />
  <testcase
   id="qpdf 1733"
   name="hybrid-xref.pdf (os:d normalized)"
  />
  <testcase
   id="qpdf 1734"
   name="check status"
  />
  <testcase
   id="qpdf 1735"
   name="check with C API"
  />
  <testcase
   id="qpdf 1736"
   name="hybrid-xref.pdf (os:d uncompressed and normalized)"
  />
  <testcase
   id="qpdf 1737"
   name="check status"
  />
  <testcase
   id="qpdf 1738"
   name="check with C API"
  />
  <testcase
   id="qpdf 1739"
   name="hybrid-xref.pdf (os:d decrypted)"
  />
  <testcase
   id="qpdf 1740"
   name="check status"
  />
  <testcase
   id="qpdf 1741"
   name="check with C API"
  />
  <testcase
   id="qpdf 1742"
   name="hybrid-xref.pdf (os:d linearized)"
  />
  <testcase
   id="qpdf 1743"
   name="check status"
  />
  <testcase
   id="qpdf 1744"
   name="check with C API"
  />
  <testcase
   id="qpdf 1745"
   name="hybrid-xref.pdf (os:d encrypted)"
  />
  <testcase
   id="qpdf 1746"
   name="check status"
  />
  <testcase
   id="qpdf 1747"
   name="check with C API"
  />
  <testcase
   id="qpdf 1748"
   name="hybrid-xref.pdf (os:d linearized and encrypted)"
  />
  <testcase
   id="qpdf 1749"
   name="check status"
  />
  <testcase
   id="qpdf 1750"
   name="check with C API"
  />
  <testcase
   id="qpdf 1751"
   name="hybrid-xref.pdf (os:d no arguments)"
  />
  <testcase
   id="qpdf 1752"
   name="check status"
  />
  <testcase
   id="qpdf 1753"
   name="check with C API"
  />
  <testcase
   id="qpdf 1754"
   name="hybrid-xref.pdf (os:g qdf)"
  />
  <testcase
   id="qpdf 1755"
   name="check status"
  />
  <testcase
   id="qpdf 1756"
   name="check with C API"
  />
  <testcase
   id="qpdf 1757"
   name="hybrid-xref.pdf (os:g qdf not normalized)"
  />
  <testcase
   id="qpdf 1758"
   name="check status"
  />
  <testcase
   id="qpdf 1759"
   name="check with C API"
  />
  <testcase
   id="qpdf 1760"
   name="hybrid-xref.pdf (os:g qdf not uncompressed)"
  />
  <testcase
   id="qpdf 1761"
   name="check status"
  />
  <testcase
   id="qpdf 1762"
   name="check with C API"
  />
  <testcase
   id="qpdf 1763"
   name="hybrid-xref.pdf (os:g qdf not normalized or uncompressed)"
  />
  <testcase
   id="qpdf 1764"
   name="check status"
  />
  <testcase
   id="qpdf 1765"
   name="check with C API"
  />
  <testcase
   id="qpdf 1766"
   name="hybrid-xref.pdf (os:g uncompresed)"
  />
  <testcase
   id="qpdf 1767"
   name="check status"
  />
  <testcase
   id="qpdf 1768"
   name="check with C API"
  />
  <testcase
   id="qpdf 1769"
   name="hybrid-xref.pdf (os:g normalized)"
  />
  <testcase
   id="qpdf 1770"
   name="check status"
  />
  <testcase
   id="qpdf 1771"
   name="check with C API"
  />
  <testcase
   id="qpdf 1772"
   name="hybrid-xref.pdf (os:g uncompressed and normalized)"
  />
  <testcase
   id="qpdf 1773"
   name="check status"
  />
  <testcase
   id="qpdf 1774"
   name="check with C API"
  />
  <testcase
   id="qpdf 1775"
   name="hybrid-xref.pdf (os:g decrypted)"
  />
  <testcase
   id="qpdf 1776"
   name="check status"
  />
  <testcase
   id="qpdf 1777"
   name="check with C API"
  />
  <testcase
   id="qpdf 1778"
   name="hybrid-xref.pdf (os:g linearized)"
  />
  <testcase
   id="qpdf 1779"
   name="check status"
  />
  <testcase
   id="qpdf 1780"
   name="check with C API"
  />
  <testcase
   id="qpdf 1781"
   name="hybrid-xref.pdf (os:g encrypted)"
  />
  <testcase
   id="qpdf 1782"
   name="check status"
  />
  <testcase
   id="qpdf 1783"
   name="check with C API"
  />
  <testcase
   id="qpdf 1784"
   name="hybrid-xref.pdf (os:g linearized and encrypted)"
  />
  <testcase
   id="qpdf 1785"
   name="check status"
  />
  <testcase
   id="qpdf 1786"
   name="check with C API"
  />
  <testcase
   id="qpdf 1787"
   name="hybrid-xref.pdf (os:g no arguments)"
  />
  <testcase
   id="qpdf 1788"
   name="check status"
  />
  <testcase
   id="qpdf 1789"
   name="check with C API"
  />
  <testcase
   id="qpdf 1790"
   name="convert inline-images to qdf"
  />
  <testcase
   id="qpdf 1791"
   name="decode png-filtering"
  />
  <testcase
   id="qpdf 1792"
   name="check output"
  />
  <testcase
   id="qpdf 1793"
   name="stream with tiff predictor"
  />
  <testcase
   id="qpdf 1794"
   name="fix-qdf 1"
  />
  <testcase
   id="qpdf 1795"
   name="identity fix-qdf 1"
  />
  <testcase
   id="qpdf 1796"
   name="fix-qdf 2"
  />
  <testcase
   id="qpdf 1797"
   name="identity fix-qdf 2"
  />
  <testcase
   id="qpdf 1798"
   name="fix-qdf with big object stream"
  />
  <testcase
   id="qpdf 1799"
   name="write test file"
  />
  <testcase
   id="qpdf 1800"
   name="read test file"
  />
  <testcase
   id="qpdf 1801"
   name="check"
  />
  <testcase
   id="qpdf 1802"
   name="transform: ostream=0, linearize=1"
  />
  <testcase
   id="qpdf 1803"
   name="read test file"
  />
  <testcase
   id="qpdf 1804"
   name="check: ostream=0, linearize=1"
  />
  <testcase
   id="qpdf 1805"
   name="transform: ostream=1, linearize=0"
  />
  <testcase
   id="qpdf 1806"
   name="read test file"
  />
  <testcase
   id="qpdf 1807"
   name="check: ostream=1, linearize=0"
  />
  <testcase
   id="qpdf 1808"
   name="transform: ostream=1, linearize=1"
  />
  <testcase
   id="qpdf 1809"
   name="read test file"
  />
  <testcase
   id="qpdf 1810"
   name="check: ostream=1, linearize=1"
  />
  <testcase
   id="qpdf 1811"
   name="reconstruct xref table"
  />
 </testsuite>
</testsuites>
