<?xml version="1.0"?>
<testsuites>
 <testsuite name="test2/failures.test">
  <testcase
   id="failures 1"
   name="test failure"
  >
   <failure>
cwd: /home/ejb/source/qtest/test_suite/qtest/test2
stracktrace:
 at failures.test line 15.
-- BEGIN EXPECTED OUTPUT --
qwer-- END EXPECTED OUTPUT --
-- ACTUAL OUTPUT --
asdf-- ACTUAL OUTPUT --
-- DIFF EXPECTED ACTUAL --
--- /tmp/testtemp.11621/expected	2018-10-13 13:55:02.474766109 -0400
+++ /tmp/testtemp.11621/actual	2018-10-13 13:55:02.474766109 -0400
@@ -1 +1 @@
-qwer
\ No newline at end of file
+asdf
\ No newline at end of file
-- END DIFFERENCES --
   </failure>
  </testcase>
  <testcase
   id="failures 2"
   name="unexpected pass"
  />
  <testcase
   id="failures 3"
   name="no diff (regexp failure)"
  >
   <failure>
cwd: /home/ejb/source/qtest/test_suite/qtest/test2
stracktrace:
 at failures.test line 30.
-- BEGIN EXPECTED OUTPUT --
regexp: 1-- END EXPECTED OUTPUT --
-- ACTUAL OUTPUT --
asdf
-- ACTUAL OUTPUT --
   </failure>
  </testcase>
  <testcase
   id="failures 4"
   name="status mismatch"
  >
   <failure>
cwd: /home/ejb/source/qtest/test_suite/qtest/test2
command: true
stracktrace:
 at failures.test line 34.
  Expected status: 1
  Actual   status: 0
   </failure>
  </testcase>
  <testcase
   id="failures 5"
   name="multithreaded errors 1"
  />
  <testcase
   id="failures 6"
   name="multithreaded errors 1: multithreaded data"
  >
   <failure>
cwd: /home/ejb/source/qtest/test_suite/qtest/test2
stracktrace:
 at /home/ejb/source/qtest/module/TestDriver.pm line 1398.
	TestDriver::analyze_thread_data(TestDriver=HASH(0x5648316ad8d0), "multithreaded errors 1", "mt.out", "/tmp/testtemp.11621/actual", ARRAY(0x564831b63900), ARRAY(0x564831c903b8)) called at /home/ejb/source/qtest/module/TestDriver.pm line 1176
	TestDriver::runtest(TestDriver=HASH(0x5648316ad8d0), "multithreaded errors 1", HASH(0x564831b90be8), HASH(0x564831c9b3f8)) called at failures.test line 38
-- BEGIN EXPECTED OUTPUT --
threads:
  A
  B
  C
sequence groups:
  b
  c
-- END EXPECTED OUTPUT --
-- ACTUAL OUTPUT --
threads:
  A
  B
  C
  D
sequence groups:
/tmp/testtemp.11621/actual:4: no input file for thread D; sequence checking abandoned
[[D]]:msgD1
-- ACTUAL OUTPUT --
-- DIFF EXPECTED ACTUAL --
--- /tmp/testtemp.11621/expected	2018-10-13 13:55:02.486766184 -0400
+++ /tmp/testtemp.11621/actual	2018-10-13 13:55:02.486766184 -0400
@@ -2,6 +2,7 @@
   A
   B
   C
+  D
 sequence groups:
-  b
-  c
+/tmp/testtemp.11621/actual:4: no input file for thread D; sequence checking abandoned
+[[D]]:msgD1
-- END DIFFERENCES --
   </failure>
  </testcase>
  <testcase
   id="failures 7"
   name="multithreaded errors 1: thread A"
  >
   <failure>
cwd: /home/ejb/source/qtest/test_suite/qtest/test2
expected output in /tmp/testtemp.11621/A.thread-filtered
stracktrace:
 at /home/ejb/source/qtest/module/TestDriver.pm line 1410.
	TestDriver::analyze_thread_data(TestDriver=HASH(0x5648316ad8d0), "multithreaded errors 1", "mt.out", "/tmp/testtemp.11621/actual", ARRAY(0x564831b63900), ARRAY(0x564831c903b8)) called at /home/ejb/source/qtest/module/TestDriver.pm line 1176
	TestDriver::runtest(TestDriver=HASH(0x5648316ad8d0), "multithreaded errors 1", HASH(0x564831b90be8), HASH(0x564831c9b3f8)) called at failures.test line 38
-- BEGIN EXPECTED OUTPUT --
msgA1
msgA2
event1
msgA3
-- END EXPECTED OUTPUT --
-- ACTUAL OUTPUT --
msgA1
event1
msgA3
-- ACTUAL OUTPUT --
-- DIFF EXPECTED ACTUAL --
--- /tmp/testtemp.11621/A.thread-filtered	2018-10-13 13:55:02.486766184 -0400
+++ /tmp/testtemp.11621/actual	2018-10-13 13:55:02.486766184 -0400
@@ -1,4 +1,3 @@
 msgA1
-msgA2
 event1
 msgA3
-- END DIFFERENCES --
   </failure>
  </testcase>
  <testcase
   id="failures 8"
   name="multithreaded errors 1: thread B"
  />
  <testcase
   id="failures 9"
   name="multithreaded errors 1: thread C"
  />
  <testcase
   id="failures 10"
   name="multithreaded errors 1: seqgroup b"
  >
   <failure>
cwd: /home/ejb/source/qtest/test_suite/qtest/test2
expected output in /tmp/testtemp.11621/b.seq-expected
stracktrace:
 at /home/ejb/source/qtest/module/TestDriver.pm line 1422.
	TestDriver::analyze_thread_data(TestDriver=HASH(0x5648316ad8d0), "multithreaded errors 1", "mt.out", "/tmp/testtemp.11621/actual", ARRAY(0x564831b63900), ARRAY(0x564831c903b8)) called at /home/ejb/source/qtest/module/TestDriver.pm line 1176
	TestDriver::runtest(TestDriver=HASH(0x5648316ad8d0), "multithreaded errors 1", HASH(0x564831b90be8), HASH(0x564831c9b3f8)) called at failures.test line 38
-- BEGIN EXPECTED OUTPUT --
[[A]]:event1
[[B]]:event2
-- END EXPECTED OUTPUT --
-- ACTUAL OUTPUT --
[no actual output]
-- ACTUAL OUTPUT --
-- DIFF EXPECTED ACTUAL --
--- /tmp/testtemp.11621/b.seq-expected	2018-10-13 13:55:02.482766159 -0400
+++ /tmp/testtemp.11621/actual	2018-10-13 13:55:02.494766234 -0400
@@ -1,2 +1 @@
-[[A]]:event1
-[[B]]:event2
+[no actual output]
-- END DIFFERENCES --
   </failure>
  </testcase>
  <testcase
   id="failures 11"
   name="multithreaded errors 1: seqgroup c"
  >
   <failure>
cwd: /home/ejb/source/qtest/test_suite/qtest/test2
expected output in /tmp/testtemp.11621/c.seq-expected
stracktrace:
 at /home/ejb/source/qtest/module/TestDriver.pm line 1422.
	TestDriver::analyze_thread_data(TestDriver=HASH(0x5648316ad8d0), "multithreaded errors 1", "mt.out", "/tmp/testtemp.11621/actual", ARRAY(0x564831b63900), ARRAY(0x564831c903b8)) called at /home/ejb/source/qtest/module/TestDriver.pm line 1176
	TestDriver::runtest(TestDriver=HASH(0x5648316ad8d0), "multithreaded errors 1", HASH(0x564831b90be8), HASH(0x564831c9b3f8)) called at failures.test line 38
-- BEGIN EXPECTED OUTPUT --
[[A]]:event1
[[C]]:event3
-- END EXPECTED OUTPUT --
-- ACTUAL OUTPUT --
[no actual output]
-- ACTUAL OUTPUT --
-- DIFF EXPECTED ACTUAL --
--- /tmp/testtemp.11621/c.seq-expected	2018-10-13 13:55:02.482766159 -0400
+++ /tmp/testtemp.11621/actual	2018-10-13 13:55:02.498766259 -0400
@@ -1,2 +1 @@
-[[A]]:event1
-[[C]]:event3
+[no actual output]
-- END DIFFERENCES --
   </failure>
  </testcase>
  <testcase
   id="failures 12"
   name="multithreaded errors 1: original output"
  >
   <failure>
cwd: /home/ejb/source/qtest/test_suite/qtest/test2
expected output in /tmp/testtemp.11621/thread-expected
stracktrace:
 at /home/ejb/source/qtest/module/TestDriver.pm line 1190.
	TestDriver::runtest(TestDriver=HASH(0x5648316ad8d0), "multithreaded errors 1", HASH(0x564831b90be8), HASH(0x564831c9b3f8)) called at failures.test line 38
-- BEGIN EXPECTED OUTPUT --
[[A]]:msgA1
[[C]]:msgC1
[[C]]:msgC2
[[A]]:msgA2
[[B]]:msgB1
[[A]]:event1
[[B]]:msgB2
[[C]]:event3
[[B]]:event2
[[B]]:msgB3
msgB3 line two
[[C]]:msgC3
[[A]]:msgA3
-- END EXPECTED OUTPUT --
-- ACTUAL OUTPUT --
[[A]]:msgA1
[[C]]:msgC1
[[C]]:msgC2
[[D]]:msgD1
[[B]]:msgB1
[[A]]:event1
[[B]]:msgB2
[[C]]:event3
[[B]]:event2
[[B]]:msgB3
msgB3 line two
[[C]]:msgC3
[[A]]:msgA3
-- ACTUAL OUTPUT --
-- DIFF EXPECTED ACTUAL --
--- /tmp/testtemp.11621/thread-expected	2018-10-13 13:55:02.482766159 -0400
+++ /tmp/testtemp.11621/actual	2018-10-13 13:55:02.502766284 -0400
@@ -1,7 +1,7 @@
 [[A]]:msgA1
 [[C]]:msgC1
 [[C]]:msgC2
-[[A]]:msgA2
+[[D]]:msgD1
 [[B]]:msgB1
 [[A]]:event1
 [[B]]:msgB2
-- END DIFFERENCES --
   </failure>
  </testcase>
  <testcase
   id="failures 13"
   name="multithreaded errors 2"
  />
  <testcase
   id="failures 14"
   name="multithreaded errors 2: multithreaded data"
  >
   <failure>
cwd: /home/ejb/source/qtest/test_suite/qtest/test2
stracktrace:
 at /home/ejb/source/qtest/module/TestDriver.pm line 1398.
	TestDriver::analyze_thread_data(TestDriver=HASH(0x5648316ad8d0), "multithreaded errors 2", "mt.out", "/tmp/testtemp.11621/actual", ARRAY(0x564831c905c8), ARRAY(0x564831c9af18)) called at /home/ejb/source/qtest/module/TestDriver.pm line 1176
	TestDriver::runtest(TestDriver=HASH(0x5648316ad8d0), "multithreaded errors 2", HASH(0x564831b90c00), HASH(0x564831c90370)) called at failures.test line 45
-- BEGIN EXPECTED OUTPUT --
threads:
  A
  B
  C
sequence groups:
  b
  c
-- END EXPECTED OUTPUT --
-- ACTUAL OUTPUT --
threads:
  A
  B
  C
sequence groups:
/tmp/testtemp.11621/actual:2: thread A mismatch; sequencing checking abandoned
actual msgA2x
expected msgA2
-- ACTUAL OUTPUT --
-- DIFF EXPECTED ACTUAL --
--- /tmp/testtemp.11621/expected	2018-10-13 13:55:02.506766309 -0400
+++ /tmp/testtemp.11621/actual	2018-10-13 13:55:02.506766309 -0400
@@ -3,5 +3,6 @@
   B
   C
 sequence groups:
-  b
-  c
+/tmp/testtemp.11621/actual:2: thread A mismatch; sequencing checking abandoned
+actual msgA2x
+expected msgA2
-- END DIFFERENCES --
   </failure>
  </testcase>
  <testcase
   id="failures 15"
   name="multithreaded errors 2: thread A"
  >
   <failure>
cwd: /home/ejb/source/qtest/test_suite/qtest/test2
expected output in /tmp/testtemp.11621/A.thread-filtered
stracktrace:
 at /home/ejb/source/qtest/module/TestDriver.pm line 1410.
	TestDriver::analyze_thread_data(TestDriver=HASH(0x5648316ad8d0), "multithreaded errors 2", "mt.out", "/tmp/testtemp.11621/actual", ARRAY(0x564831c905c8), ARRAY(0x564831c9af18)) called at /home/ejb/source/qtest/module/TestDriver.pm line 1176
	TestDriver::runtest(TestDriver=HASH(0x5648316ad8d0), "multithreaded errors 2", HASH(0x564831b90c00), HASH(0x564831c90370)) called at failures.test line 45
-- BEGIN EXPECTED OUTPUT --
msgA1
msgA2
event1
msgA3
-- END EXPECTED OUTPUT --
-- ACTUAL OUTPUT --
msgA1
msgA2x
event1
msgA3
-- ACTUAL OUTPUT --
-- DIFF EXPECTED ACTUAL --
--- /tmp/testtemp.11621/A.thread-filtered	2018-10-13 13:55:02.510766334 -0400
+++ /tmp/testtemp.11621/actual	2018-10-13 13:55:02.510766334 -0400
@@ -1,4 +1,4 @@
 msgA1
-msgA2
+msgA2x
 event1
 msgA3
-- END DIFFERENCES --
   </failure>
  </testcase>
  <testcase
   id="failures 16"
   name="multithreaded errors 2: thread B"
  />
  <testcase
   id="failures 17"
   name="multithreaded errors 2: thread C"
  >
   <failure>
cwd: /home/ejb/source/qtest/test_suite/qtest/test2
expected output in /tmp/testtemp.11621/C.thread-filtered
stracktrace:
 at /home/ejb/source/qtest/module/TestDriver.pm line 1410.
	TestDriver::analyze_thread_data(TestDriver=HASH(0x5648316ad8d0), "multithreaded errors 2", "mt.out", "/tmp/testtemp.11621/actual", ARRAY(0x564831c905c8), ARRAY(0x564831c9af18)) called at /home/ejb/source/qtest/module/TestDriver.pm line 1176
	TestDriver::runtest(TestDriver=HASH(0x5648316ad8d0), "multithreaded errors 2", HASH(0x564831b90c00), HASH(0x564831c90370)) called at failures.test line 45
-- BEGIN EXPECTED OUTPUT --
msgC1
msgC2
event3
msgC3
-- END EXPECTED OUTPUT --
-- ACTUAL OUTPUT --
msgC1
msgC2
event3x
msgC3
-- ACTUAL OUTPUT --
-- DIFF EXPECTED ACTUAL --
--- /tmp/testtemp.11621/C.thread-filtered	2018-10-13 13:55:02.514766359 -0400
+++ /tmp/testtemp.11621/actual	2018-10-13 13:55:02.514766359 -0400
@@ -1,4 +1,4 @@
 msgC1
 msgC2
-event3
+event3x
 msgC3
-- END DIFFERENCES --
   </failure>
  </testcase>
  <testcase
   id="failures 18"
   name="multithreaded errors 2: seqgroup b"
  >
   <failure>
cwd: /home/ejb/source/qtest/test_suite/qtest/test2
expected output in /tmp/testtemp.11621/b.seq-expected
stracktrace:
 at /home/ejb/source/qtest/module/TestDriver.pm line 1422.
	TestDriver::analyze_thread_data(TestDriver=HASH(0x5648316ad8d0), "multithreaded errors 2", "mt.out", "/tmp/testtemp.11621/actual", ARRAY(0x564831c905c8), ARRAY(0x564831c9af18)) called at /home/ejb/source/qtest/module/TestDriver.pm line 1176
	TestDriver::runtest(TestDriver=HASH(0x5648316ad8d0), "multithreaded errors 2", HASH(0x564831b90c00), HASH(0x564831c90370)) called at failures.test line 45
-- BEGIN EXPECTED OUTPUT --
[[A]]:event1
[[B]]:event2
-- END EXPECTED OUTPUT --
-- ACTUAL OUTPUT --
[no actual output]
-- ACTUAL OUTPUT --
-- DIFF EXPECTED ACTUAL --
--- /tmp/testtemp.11621/b.seq-expected	2018-10-13 13:55:02.506766309 -0400
+++ /tmp/testtemp.11621/actual	2018-10-13 13:55:02.518766385 -0400
@@ -1,2 +1 @@
-[[A]]:event1
-[[B]]:event2
+[no actual output]
-- END DIFFERENCES --
   </failure>
  </testcase>
  <testcase
   id="failures 19"
   name="multithreaded errors 2: seqgroup c"
  >
   <failure>
cwd: /home/ejb/source/qtest/test_suite/qtest/test2
expected output in /tmp/testtemp.11621/c.seq-expected
stracktrace:
 at /home/ejb/source/qtest/module/TestDriver.pm line 1422.
	TestDriver::analyze_thread_data(TestDriver=HASH(0x5648316ad8d0), "multithreaded errors 2", "mt.out", "/tmp/testtemp.11621/actual", ARRAY(0x564831c905c8), ARRAY(0x564831c9af18)) called at /home/ejb/source/qtest/module/TestDriver.pm line 1176
	TestDriver::runtest(TestDriver=HASH(0x5648316ad8d0), "multithreaded errors 2", HASH(0x564831b90c00), HASH(0x564831c90370)) called at failures.test line 45
-- BEGIN EXPECTED OUTPUT --
[[A]]:event1
[[C]]:event3
-- END EXPECTED OUTPUT --
-- ACTUAL OUTPUT --
[no actual output]
-- ACTUAL OUTPUT --
-- DIFF EXPECTED ACTUAL --
--- /tmp/testtemp.11621/c.seq-expected	2018-10-13 13:55:02.506766309 -0400
+++ /tmp/testtemp.11621/actual	2018-10-13 13:55:02.518766385 -0400
@@ -1,2 +1 @@
-[[A]]:event1
-[[C]]:event3
+[no actual output]
-- END DIFFERENCES --
   </failure>
  </testcase>
  <testcase
   id="failures 20"
   name="multithreaded errors 2: original output"
  >
   <failure>
cwd: /home/ejb/source/qtest/test_suite/qtest/test2
expected output in /tmp/testtemp.11621/thread-expected
stracktrace:
 at /home/ejb/source/qtest/module/TestDriver.pm line 1190.
	TestDriver::runtest(TestDriver=HASH(0x5648316ad8d0), "multithreaded errors 2", HASH(0x564831b90c00), HASH(0x564831c90370)) called at failures.test line 45
-- BEGIN EXPECTED OUTPUT --
[[A]]:msgA1
[[C]]:msgC1
[[C]]:msgC2
[[A]]:msgA2
[[B]]:msgB1
[[A]]:event1
[[B]]:msgB2
[[C]]:event3
[[B]]:event2
[[B]]:msgB3
msgB3 line two
[[C]]:msgC3
[[A]]:msgA3
-- END EXPECTED OUTPUT --
-- ACTUAL OUTPUT --
[[A]]:msgA1
[[C]]:msgC1
[[C]]:msgC2
[[A]]:msgA2x
[[B]]:msgB1
[[A]]:event1
[[B]]:msgB2
[[C]]:event3x
[[B]]:event2
[[B]]:msgB3
msgB3 line two
[[C]]:msgC3
[[A]]:msgA3
-- ACTUAL OUTPUT --
-- DIFF EXPECTED ACTUAL --
--- /tmp/testtemp.11621/thread-expected	2018-10-13 13:55:02.506766309 -0400
+++ /tmp/testtemp.11621/actual	2018-10-13 13:55:02.522766410 -0400
@@ -1,11 +1,11 @@
 [[A]]:msgA1
 [[C]]:msgC1
 [[C]]:msgC2
-[[A]]:msgA2
+[[A]]:msgA2x
 [[B]]:msgB1
 [[A]]:event1
 [[B]]:msgB2
-[[C]]:event3
+[[C]]:event3x
 [[B]]:event2
 [[B]]:msgB3
 msgB3 line two
-- END DIFFERENCES --
   </failure>
  </testcase>
  <testcase
   id="failures 21"
   name="utf8 failures"
  >
   <failure>
cwd: /home/ejb/source/qtest/test_suite/qtest/test2
stracktrace:
 at failures.test line 52.
-- BEGIN EXPECTED OUTPUT --
&#xcf;&#x80; = 3.14159...-- END EXPECTED OUTPUT --
-- ACTUAL OUTPUT --
pi = 22/7-- ACTUAL OUTPUT --
-- DIFF EXPECTED ACTUAL --
--- /tmp/testtemp.11621/expected	2018-10-13 13:55:02.526766435 -0400
+++ /tmp/testtemp.11621/actual	2018-10-13 13:55:02.526766435 -0400
@@ -1 +1 @@
-&#xcf;&#x80; = 3.14159...
\ No newline at end of file
+pi = 22/7
\ No newline at end of file
-- END DIFFERENCES --
   </failure>
  </testcase>
 </testsuite>
</testsuites>
