<?xml version="1.0"?>
<testsuites>
 <testsuite name="test2/failures.test">
  <testcase
   id="failures 1"
   name="test failure"
  >
   <failure>
cwd: /home/ejb/source/qtest/test_suite/qtest/test2
stracktrace:
 at failures.test line 15.
-- BEGIN EXPECTED OUTPUT --
qwer-- END EXPECTED OUTPUT --
-- ACTUAL OUTPUT --
asdf-- ACTUAL OUTPUT --
-- DIFF EXPECTED ACTUAL --
--- /tmp/testtemp.11558/expected	2018-10-13 13:55:01.022757013 -0400
+++ /tmp/testtemp.11558/actual	2018-10-13 13:55:01.022757013 -0400
@@ -1 +1 @@
-qwer
\ No newline at end of file
+asdf
\ No newline at end of file
-- END DIFFERENCES --
   </failure>
  </testcase>
  <testcase
   id="failures 2"
   name="unexpected pass"
  />
  <testcase
   id="failures 3"
   name="no diff (regexp failure)"
  >
   <failure>
cwd: /home/ejb/source/qtest/test_suite/qtest/test2
stracktrace:
 at failures.test line 30.
-- BEGIN EXPECTED OUTPUT --
regexp: 1-- END EXPECTED OUTPUT --
-- ACTUAL OUTPUT --
asdf
-- ACTUAL OUTPUT --
   </failure>
  </testcase>
  <testcase
   id="failures 4"
   name="status mismatch"
  >
   <failure>
cwd: /home/ejb/source/qtest/test_suite/qtest/test2
command: true
stracktrace:
 at failures.test line 34.
  Expected status: 1
  Actual   status: 0
   </failure>
  </testcase>
  <testcase
   id="failures 5"
   name="multithreaded errors 1"
  />
  <testcase
   id="failures 6"
   name="multithreaded errors 1: multithreaded data"
  >
   <failure>
cwd: /home/ejb/source/qtest/test_suite/qtest/test2
stracktrace:
 at /home/ejb/source/qtest/module/TestDriver.pm line 1398.
	TestDriver::analyze_thread_data(TestDriver=HASH(0x55eb04e048d8), "multithreaded errors 1", "mt.out", "/tmp/testtemp.11558/actual", ARRAY(0x55eb052ba360), ARRAY(0x55eb053f1770)) called at /home/ejb/source/qtest/module/TestDriver.pm line 1176
	TestDriver::runtest(TestDriver=HASH(0x55eb04e048d8), "multithreaded errors 1", HASH(0x55eb052e6b90), HASH(0x55eb053f1890)) called at failures.test line 38
-- BEGIN EXPECTED OUTPUT --
threads:
  A
  B
  C
sequence groups:
  b
  c
-- END EXPECTED OUTPUT --
-- ACTUAL OUTPUT --
threads:
  A
  B
  C
  D
sequence groups:
/tmp/testtemp.11558/actual:4: no input file for thread D; sequence checking abandoned
[[D]]:msgD1
-- ACTUAL OUTPUT --
-- DIFF EXPECTED ACTUAL --
--- /tmp/testtemp.11558/expected	2018-10-13 13:55:01.034757088 -0400
+++ /tmp/testtemp.11558/actual	2018-10-13 13:55:01.034757088 -0400
@@ -2,6 +2,7 @@
   A
   B
   C
+  D
 sequence groups:
-  b
-  c
+/tmp/testtemp.11558/actual:4: no input file for thread D; sequence checking abandoned
+[[D]]:msgD1
-- END DIFFERENCES --
   </failure>
  </testcase>
  <testcase
   id="failures 7"
   name="multithreaded errors 1: thread A"
  >
   <failure>
cwd: /home/ejb/source/qtest/test_suite/qtest/test2
expected output in /tmp/testtemp.11558/A.thread-filtered
stracktrace:
 at /home/ejb/source/qtest/module/TestDriver.pm line 1410.
	TestDriver::analyze_thread_data(TestDriver=HASH(0x55eb04e048d8), "multithreaded errors 1", "mt.out", "/tmp/testtemp.11558/actual", ARRAY(0x55eb052ba360), ARRAY(0x55eb053f1770)) called at /home/ejb/source/qtest/module/TestDriver.pm line 1176
	TestDriver::runtest(TestDriver=HASH(0x55eb04e048d8), "multithreaded errors 1", HASH(0x55eb052e6b90), HASH(0x55eb053f1890)) called at failures.test line 38
-- BEGIN EXPECTED OUTPUT --
msgA1
msgA2
event1
msgA3
-- END EXPECTED OUTPUT --
-- ACTUAL OUTPUT --
msgA1
event1
msgA3
-- ACTUAL OUTPUT --
-- DIFF EXPECTED ACTUAL --
--- /tmp/testtemp.11558/A.thread-filtered	2018-10-13 13:55:01.034757088 -0400
+++ /tmp/testtemp.11558/actual	2018-10-13 13:55:01.034757088 -0400
@@ -1,4 +1,3 @@
 msgA1
-msgA2
 event1
 msgA3
-- END DIFFERENCES --
   </failure>
  </testcase>
  <testcase
   id="failures 8"
   name="multithreaded errors 1: thread B"
  />
  <testcase
   id="failures 9"
   name="multithreaded errors 1: thread C"
  />
  <testcase
   id="failures 10"
   name="multithreaded errors 1: seqgroup b"
  >
   <failure>
cwd: /home/ejb/source/qtest/test_suite/qtest/test2
expected output in /tmp/testtemp.11558/b.seq-expected
stracktrace:
 at /home/ejb/source/qtest/module/TestDriver.pm line 1422.
	TestDriver::analyze_thread_data(TestDriver=HASH(0x55eb04e048d8), "multithreaded errors 1", "mt.out", "/tmp/testtemp.11558/actual", ARRAY(0x55eb052ba360), ARRAY(0x55eb053f1770)) called at /home/ejb/source/qtest/module/TestDriver.pm line 1176
	TestDriver::runtest(TestDriver=HASH(0x55eb04e048d8), "multithreaded errors 1", HASH(0x55eb052e6b90), HASH(0x55eb053f1890)) called at failures.test line 38
-- BEGIN EXPECTED OUTPUT --
[[A]]:event1
[[B]]:event2
-- END EXPECTED OUTPUT --
-- ACTUAL OUTPUT --
[no actual output]
-- ACTUAL OUTPUT --
-- DIFF EXPECTED ACTUAL --
--- /tmp/testtemp.11558/b.seq-expected	2018-10-13 13:55:01.030757063 -0400
+++ /tmp/testtemp.11558/actual	2018-10-13 13:55:01.042757138 -0400
@@ -1,2 +1 @@
-[[A]]:event1
-[[B]]:event2
+[no actual output]
-- END DIFFERENCES --
   </failure>
  </testcase>
  <testcase
   id="failures 11"
   name="multithreaded errors 1: seqgroup c"
  >
   <failure>
cwd: /home/ejb/source/qtest/test_suite/qtest/test2
expected output in /tmp/testtemp.11558/c.seq-expected
stracktrace:
 at /home/ejb/source/qtest/module/TestDriver.pm line 1422.
	TestDriver::analyze_thread_data(TestDriver=HASH(0x55eb04e048d8), "multithreaded errors 1", "mt.out", "/tmp/testtemp.11558/actual", ARRAY(0x55eb052ba360), ARRAY(0x55eb053f1770)) called at /home/ejb/source/qtest/module/TestDriver.pm line 1176
	TestDriver::runtest(TestDriver=HASH(0x55eb04e048d8), "multithreaded errors 1", HASH(0x55eb052e6b90), HASH(0x55eb053f1890)) called at failures.test line 38
-- BEGIN EXPECTED OUTPUT --
[[A]]:event1
[[C]]:event3
-- END EXPECTED OUTPUT --
-- ACTUAL OUTPUT --
[no actual output]
-- ACTUAL OUTPUT --
-- DIFF EXPECTED ACTUAL --
--- /tmp/testtemp.11558/c.seq-expected	2018-10-13 13:55:01.030757063 -0400
+++ /tmp/testtemp.11558/actual	2018-10-13 13:55:01.042757138 -0400
@@ -1,2 +1 @@
-[[A]]:event1
-[[C]]:event3
+[no actual output]
-- END DIFFERENCES --
   </failure>
  </testcase>
  <testcase
   id="failures 12"
   name="multithreaded errors 1: original output"
  >
   <failure>
cwd: /home/ejb/source/qtest/test_suite/qtest/test2
expected output in /tmp/testtemp.11558/thread-expected
stracktrace:
 at /home/ejb/source/qtest/module/TestDriver.pm line 1190.
	TestDriver::runtest(TestDriver=HASH(0x55eb04e048d8), "multithreaded errors 1", HASH(0x55eb052e6b90), HASH(0x55eb053f1890)) called at failures.test line 38
-- BEGIN EXPECTED OUTPUT --
[[A]]:msgA1
[[C]]:msgC1
[[C]]:msgC2
[[A]]:msgA2
[[B]]:msgB1
[[A]]:event1
[[B]]:msgB2
[[C]]:event3
[[B]]:event2
[[B]]:msgB3
msgB3 line two
[[C]]:msgC3
[[A]]:msgA3
-- END EXPECTED OUTPUT --
-- ACTUAL OUTPUT --
[[A]]:msgA1
[[C]]:msgC1
[[C]]:msgC2
[[D]]:msgD1
[[B]]:msgB1
[[A]]:event1
[[B]]:msgB2
[[C]]:event3
[[B]]:event2
[[B]]:msgB3
msgB3 line two
[[C]]:msgC3
[[A]]:msgA3
-- ACTUAL OUTPUT --
-- DIFF EXPECTED ACTUAL --
--- /tmp/testtemp.11558/thread-expected	2018-10-13 13:55:01.030757063 -0400
+++ /tmp/testtemp.11558/actual	2018-10-13 13:55:01.046757163 -0400
@@ -1,7 +1,7 @@
 [[A]]:msgA1
 [[C]]:msgC1
 [[C]]:msgC2
-[[A]]:msgA2
+[[D]]:msgD1
 [[B]]:msgB1
 [[A]]:event1
 [[B]]:msgB2
-- END DIFFERENCES --
   </failure>
  </testcase>
  <testcase
   id="failures 13"
   name="multithreaded errors 2"
  />
  <testcase
   id="failures 14"
   name="multithreaded errors 2: multithreaded data"
  >
   <failure>
cwd: /home/ejb/source/qtest/test_suite/qtest/test2
stracktrace:
 at /home/ejb/source/qtest/module/TestDriver.pm line 1398.
	TestDriver::analyze_thread_data(TestDriver=HASH(0x55eb04e048d8), "multithreaded errors 2", "mt.out", "/tmp/testtemp.11558/actual", ARRAY(0x55eb053e6c08), ARRAY(0x55eb053f17a0)) called at /home/ejb/source/qtest/module/TestDriver.pm line 1176
	TestDriver::runtest(TestDriver=HASH(0x55eb04e048d8), "multithreaded errors 2", HASH(0x55eb052ba348), HASH(0x55eb053f4870)) called at failures.test line 45
-- BEGIN EXPECTED OUTPUT --
threads:
  A
  B
  C
sequence groups:
  b
  c
-- END EXPECTED OUTPUT --
-- ACTUAL OUTPUT --
threads:
  A
  B
  C
sequence groups:
/tmp/testtemp.11558/actual:2: thread A mismatch; sequencing checking abandoned
actual msgA2x
expected msgA2
-- ACTUAL OUTPUT --
-- DIFF EXPECTED ACTUAL --
--- /tmp/testtemp.11558/expected	2018-10-13 13:55:01.054757213 -0400
+++ /tmp/testtemp.11558/actual	2018-10-13 13:55:01.054757213 -0400
@@ -3,5 +3,6 @@
   B
   C
 sequence groups:
-  b
-  c
+/tmp/testtemp.11558/actual:2: thread A mismatch; sequencing checking abandoned
+actual msgA2x
+expected msgA2
-- END DIFFERENCES --
   </failure>
  </testcase>
  <testcase
   id="failures 15"
   name="multithreaded errors 2: thread A"
  >
   <failure>
cwd: /home/ejb/source/qtest/test_suite/qtest/test2
expected output in /tmp/testtemp.11558/A.thread-filtered
stracktrace:
 at /home/ejb/source/qtest/module/TestDriver.pm line 1410.
	TestDriver::analyze_thread_data(TestDriver=HASH(0x55eb04e048d8), "multithreaded errors 2", "mt.out", "/tmp/testtemp.11558/actual", ARRAY(0x55eb053e6c08), ARRAY(0x55eb053f17a0)) called at /home/ejb/source/qtest/module/TestDriver.pm line 1176
	TestDriver::runtest(TestDriver=HASH(0x55eb04e048d8), "multithreaded errors 2", HASH(0x55eb052ba348), HASH(0x55eb053f4870)) called at failures.test line 45
-- BEGIN EXPECTED OUTPUT --
msgA1
msgA2
event1
msgA3
-- END EXPECTED OUTPUT --
-- ACTUAL OUTPUT --
msgA1
msgA2x
event1
msgA3
-- ACTUAL OUTPUT --
-- DIFF EXPECTED ACTUAL --
--- /tmp/testtemp.11558/A.thread-filtered	2018-10-13 13:55:01.054757213 -0400
+++ /tmp/testtemp.11558/actual	2018-10-13 13:55:01.054757213 -0400
@@ -1,4 +1,4 @@
 msgA1
-msgA2
+msgA2x
 event1
 msgA3
-- END DIFFERENCES --
   </failure>
  </testcase>
  <testcase
   id="failures 16"
   name="multithreaded errors 2: thread B"
  />
  <testcase
   id="failures 17"
   name="multithreaded errors 2: thread C"
  >
   <failure>
cwd: /home/ejb/source/qtest/test_suite/qtest/test2
expected output in /tmp/testtemp.11558/C.thread-filtered
stracktrace:
 at /home/ejb/source/qtest/module/TestDriver.pm line 1410.
	TestDriver::analyze_thread_data(TestDriver=HASH(0x55eb04e048d8), "multithreaded errors 2", "mt.out", "/tmp/testtemp.11558/actual", ARRAY(0x55eb053e6c08), ARRAY(0x55eb053f17a0)) called at /home/ejb/source/qtest/module/TestDriver.pm line 1176
	TestDriver::runtest(TestDriver=HASH(0x55eb04e048d8), "multithreaded errors 2", HASH(0x55eb052ba348), HASH(0x55eb053f4870)) called at failures.test line 45
-- BEGIN EXPECTED OUTPUT --
msgC1
msgC2
event3
msgC3
-- END EXPECTED OUTPUT --
-- ACTUAL OUTPUT --
msgC1
msgC2
event3x
msgC3
-- ACTUAL OUTPUT --
-- DIFF EXPECTED ACTUAL --
--- /tmp/testtemp.11558/C.thread-filtered	2018-10-13 13:55:01.058757238 -0400
+++ /tmp/testtemp.11558/actual	2018-10-13 13:55:01.062757263 -0400
@@ -1,4 +1,4 @@
 msgC1
 msgC2
-event3
+event3x
 msgC3
-- END DIFFERENCES --
   </failure>
  </testcase>
  <testcase
   id="failures 18"
   name="multithreaded errors 2: seqgroup b"
  >
   <failure>
cwd: /home/ejb/source/qtest/test_suite/qtest/test2
expected output in /tmp/testtemp.11558/b.seq-expected
stracktrace:
 at /home/ejb/source/qtest/module/TestDriver.pm line 1422.
	TestDriver::analyze_thread_data(TestDriver=HASH(0x55eb04e048d8), "multithreaded errors 2", "mt.out", "/tmp/testtemp.11558/actual", ARRAY(0x55eb053e6c08), ARRAY(0x55eb053f17a0)) called at /home/ejb/source/qtest/module/TestDriver.pm line 1176
	TestDriver::runtest(TestDriver=HASH(0x55eb04e048d8), "multithreaded errors 2", HASH(0x55eb052ba348), HASH(0x55eb053f4870)) called at failures.test line 45
-- BEGIN EXPECTED OUTPUT --
[[A]]:event1
[[B]]:event2
-- END EXPECTED OUTPUT --
-- ACTUAL OUTPUT --
[no actual output]
-- ACTUAL OUTPUT --
-- DIFF EXPECTED ACTUAL --
--- /tmp/testtemp.11558/b.seq-expected	2018-10-13 13:55:01.050757188 -0400
+++ /tmp/testtemp.11558/actual	2018-10-13 13:55:01.062757263 -0400
@@ -1,2 +1 @@
-[[A]]:event1
-[[B]]:event2
+[no actual output]
-- END DIFFERENCES --
   </failure>
  </testcase>
  <testcase
   id="failures 19"
   name="multithreaded errors 2: seqgroup c"
  >
   <failure>
cwd: /home/ejb/source/qtest/test_suite/qtest/test2
expected output in /tmp/testtemp.11558/c.seq-expected
stracktrace:
 at /home/ejb/source/qtest/module/TestDriver.pm line 1422.
	TestDriver::analyze_thread_data(TestDriver=HASH(0x55eb04e048d8), "multithreaded errors 2", "mt.out", "/tmp/testtemp.11558/actual", ARRAY(0x55eb053e6c08), ARRAY(0x55eb053f17a0)) called at /home/ejb/source/qtest/module/TestDriver.pm line 1176
	TestDriver::runtest(TestDriver=HASH(0x55eb04e048d8), "multithreaded errors 2", HASH(0x55eb052ba348), HASH(0x55eb053f4870)) called at failures.test line 45
-- BEGIN EXPECTED OUTPUT --
[[A]]:event1
[[C]]:event3
-- END EXPECTED OUTPUT --
-- ACTUAL OUTPUT --
[no actual output]
-- ACTUAL OUTPUT --
-- DIFF EXPECTED ACTUAL --
--- /tmp/testtemp.11558/c.seq-expected	2018-10-13 13:55:01.050757188 -0400
+++ /tmp/testtemp.11558/actual	2018-10-13 13:55:01.066757288 -0400
@@ -1,2 +1 @@
-[[A]]:event1
-[[C]]:event3
+[no actual output]
-- END DIFFERENCES --
   </failure>
  </testcase>
  <testcase
   id="failures 20"
   name="multithreaded errors 2: original output"
  >
   <failure>
cwd: /home/ejb/source/qtest/test_suite/qtest/test2
expected output in /tmp/testtemp.11558/thread-expected
stracktrace:
 at /home/ejb/source/qtest/module/TestDriver.pm line 1190.
	TestDriver::runtest(TestDriver=HASH(0x55eb04e048d8), "multithreaded errors 2", HASH(0x55eb052ba348), HASH(0x55eb053f4870)) called at failures.test line 45
-- BEGIN EXPECTED OUTPUT --
[[A]]:msgA1
[[C]]:msgC1
[[C]]:msgC2
[[A]]:msgA2
[[B]]:msgB1
[[A]]:event1
[[B]]:msgB2
[[C]]:event3
[[B]]:event2
[[B]]:msgB3
msgB3 line two
[[C]]:msgC3
[[A]]:msgA3
-- END EXPECTED OUTPUT --
-- ACTUAL OUTPUT --
[[A]]:msgA1
[[C]]:msgC1
[[C]]:msgC2
[[A]]:msgA2x
[[B]]:msgB1
[[A]]:event1
[[B]]:msgB2
[[C]]:event3x
[[B]]:event2
[[B]]:msgB3
msgB3 line two
[[C]]:msgC3
[[A]]:msgA3
-- ACTUAL OUTPUT --
-- DIFF EXPECTED ACTUAL --
--- /tmp/testtemp.11558/thread-expected	2018-10-13 13:55:01.050757188 -0400
+++ /tmp/testtemp.11558/actual	2018-10-13 13:55:01.070757313 -0400
@@ -1,11 +1,11 @@
 [[A]]:msgA1
 [[C]]:msgC1
 [[C]]:msgC2
-[[A]]:msgA2
+[[A]]:msgA2x
 [[B]]:msgB1
 [[A]]:event1
 [[B]]:msgB2
-[[C]]:event3
+[[C]]:event3x
 [[B]]:event2
 [[B]]:msgB3
 msgB3 line two
-- END DIFFERENCES --
   </failure>
  </testcase>
  <testcase
   id="failures 21"
   name="utf8 failures"
  >
   <failure>
cwd: /home/ejb/source/qtest/test_suite/qtest/test2
stracktrace:
 at failures.test line 52.
-- BEGIN EXPECTED OUTPUT --
&#xcf;&#x80; = 3.14159...-- END EXPECTED OUTPUT --
-- ACTUAL OUTPUT --
pi = 22/7-- ACTUAL OUTPUT --
-- DIFF EXPECTED ACTUAL --
--- /tmp/testtemp.11558/expected	2018-10-13 13:55:01.070757313 -0400
+++ /tmp/testtemp.11558/actual	2018-10-13 13:55:01.070757313 -0400
@@ -1 +1 @@
-&#xcf;&#x80; = 3.14159...
\ No newline at end of file
+pi = 22/7
\ No newline at end of file
-- END DIFFERENCES --
   </failure>
  </testcase>
 </testsuite>
 <testsuite name="test2/invalid01.test">
 </testsuite>
 <testsuite name="test2/invalid02.test">
 </testsuite>
 <testsuite name="test2/invalid03.test">
 </testsuite>
 <testsuite name="test2/invalid04.test">
 </testsuite>
 <testsuite name="test2/invalid05.test">
 </testsuite>
 <testsuite name="test2/invalid06.test">
 </testsuite>
 <testsuite name="test2/invalid07.test">
 </testsuite>
 <testsuite name="test2/invalid08.test">
 </testsuite>
 <testsuite name="test2/invalid09.test">
 </testsuite>
 <testsuite name="test2/invalid10.test">
 </testsuite>
 <testsuite name="test2/invalid11.test">
 </testsuite>
 <testsuite name="test2/invalid12.test">
 </testsuite>
 <testsuite name="test2/invalid13.test">
 </testsuite>
 <testsuite name="test2/invalid14.test">
 </testsuite>
 <testsuite name="test2/invalid15.test">
 </testsuite>
 <testsuite name="test2/invalid16.test">
 </testsuite>
 <testsuite name="test2/invalid17.test">
  <testcase
   id="invalid17 1"
   name="thread data with regexp"
  />
 </testsuite>
 <testsuite name="test2/valid01.test">
  <testcase
   id="valid01 1"
   name="valid failing test case"
  >
   <failure>
cwd: /home/ejb/source/qtest/test_suite/qtest/test2
stracktrace:
 at valid01.test line 14.
-- BEGIN EXPECTED OUTPUT --
2-- END EXPECTED OUTPUT --
-- ACTUAL OUTPUT --
1-- ACTUAL OUTPUT --
-- DIFF EXPECTED ACTUAL --
--- /tmp/testtemp.11558/expected	2018-10-13 13:55:01.954762852 -0400
+++ /tmp/testtemp.11558/actual	2018-10-13 13:55:01.954762852 -0400
@@ -1 +1 @@
-2
\ No newline at end of file
+1
\ No newline at end of file
-- END DIFFERENCES --
   </failure>
  </testcase>
  <testcase
   id="valid01 2"
   name="valid passing test case"
  />
 </testsuite>
</testsuites>
